This is XeTeX, Version 3.141592653-2.6-0.999993 (TeX Live 2021/W32TeX) (preloaded format=xelatex 2022.3.30)  30 MAR 2022 22:59
entering extended mode
 restricted \write18 enabled.
 %&-line parsing enabled.
**_main.tex
(./_main.tex
LaTeX2e <2021-11-15> patch level 1
L3 programming layer <2022-02-24> (c:/Users/Marko/AppData/Roaming/TinyTeX/texmf
-dist/tex/latex/base/book.cls
Document Class: book 2021/10/04 v1.4n Standard LaTeX document class
(c:/Users/Marko/AppData/Roaming/TinyTeX/texmf-dist/tex/latex/base/bk10.clo
File: bk10.clo 2021/10/04 v1.4n Standard LaTeX file (size option)
)
\c@part=\count181
\c@chapter=\count182
\c@section=\count183
\c@subsection=\count184
\c@subsubsection=\count185
\c@paragraph=\count186
\c@subparagraph=\count187
\c@figure=\count188
\c@table=\count189
\abovecaptionskip=\skip47
\belowcaptionskip=\skip48
\bibindent=\dimen138
)
(c:/Users/Marko/AppData/Roaming/TinyTeX/texmf-dist/tex/latex/amsmath/amsmath.st
y
Package: amsmath 2021/10/15 v2.17l AMS math features
\@mathmargin=\skip49
For additional information on amsmath, use the `?' option.

(c:/Users/Marko/AppData/Roaming/TinyTeX/texmf-dist/tex/latex/amsmath/amstext.st
y
Package: amstext 2021/08/26 v2.01 AMS text

(c:/Users/Marko/AppData/Roaming/TinyTeX/texmf-dist/tex/latex/amsmath/amsgen.sty
File: amsgen.sty 1999/11/30 v2.0 generic functions
\@emptytoks=\toks16
\ex@=\dimen139
))
(c:/Users/Marko/AppData/Roaming/TinyTeX/texmf-dist/tex/latex/amsmath/amsbsy.sty
Package: amsbsy 1999/11/29 v1.2d Bold Symbols
\pmbraise@=\dimen140
)
(c:/Users/Marko/AppData/Roaming/TinyTeX/texmf-dist/tex/latex/amsmath/amsopn.sty
Package: amsopn 2021/08/26 v2.02 operator names
)
\inf@bad=\count190
LaTeX Info: Redefining \frac on input line 234.
\uproot@=\count191
\leftroot@=\count192
LaTeX Info: Redefining \overline on input line 399.
\classnum@=\count193
\DOTSCASE@=\count194
LaTeX Info: Redefining \ldots on input line 496.
LaTeX Info: Redefining \dots on input line 499.
LaTeX Info: Redefining \cdots on input line 620.
\Mathstrutbox@=\box50
\strutbox@=\box51
\big@size=\dimen141
LaTeX Font Info:    Redeclaring font encoding OML on input line 743.
LaTeX Font Info:    Redeclaring font encoding OMS on input line 744.
\macc@depth=\count195
\c@MaxMatrixCols=\count196
\dotsspace@=\muskip16
\c@parentequation=\count197
\dspbrk@lvl=\count198
\tag@help=\toks17
\row@=\count199
\column@=\count266
\maxfields@=\count267
\andhelp@=\toks18
\eqnshift@=\dimen142
\alignsep@=\dimen143
\tagshift@=\dimen144
\tagwidth@=\dimen145
\totwidth@=\dimen146
\lineht@=\dimen147
\@envbody=\toks19
\multlinegap=\skip50
\multlinetaggap=\skip51
\mathdisplay@stack=\toks20
LaTeX Info: Redefining \[ on input line 2938.
LaTeX Info: Redefining \] on input line 2939.
)
(c:/Users/Marko/AppData/Roaming/TinyTeX/texmf-dist/tex/latex/amsfonts/amssymb.s
ty
Package: amssymb 2013/01/14 v3.01 AMS font symbols

(c:/Users/Marko/AppData/Roaming/TinyTeX/texmf-dist/tex/latex/amsfonts/amsfonts.
sty
Package: amsfonts 2013/01/14 v3.01 Basic AMSFonts support
\symAMSa=\mathgroup4
\symAMSb=\mathgroup5
LaTeX Font Info:    Redeclaring math symbol \hbar on input line 98.
LaTeX Font Info:    Overwriting math alphabet `\mathfrak' in version `bold'
(Font)                  U/euf/m/n --> U/euf/b/n on input line 106.
)) (c:/Users/Marko/AppData/Roaming/TinyTeX/texmf-dist/tex/latex/lm/lmodern.sty
Package: lmodern 2015/05/01 v1.6.1 Latin Modern Fonts
LaTeX Font Info:    Overwriting symbol font `operators' in version `normal'
(Font)                  OT1/cmr/m/n --> OT1/lmr/m/n on input line 22.
LaTeX Font Info:    Overwriting symbol font `letters' in version `normal'
(Font)                  OML/cmm/m/it --> OML/lmm/m/it on input line 23.
LaTeX Font Info:    Overwriting symbol font `symbols' in version `normal'
(Font)                  OMS/cmsy/m/n --> OMS/lmsy/m/n on input line 24.
LaTeX Font Info:    Overwriting symbol font `largesymbols' in version `normal'
(Font)                  OMX/cmex/m/n --> OMX/lmex/m/n on input line 25.
LaTeX Font Info:    Overwriting symbol font `operators' in version `bold'
(Font)                  OT1/cmr/bx/n --> OT1/lmr/bx/n on input line 26.
LaTeX Font Info:    Overwriting symbol font `letters' in version `bold'
(Font)                  OML/cmm/b/it --> OML/lmm/b/it on input line 27.
LaTeX Font Info:    Overwriting symbol font `symbols' in version `bold'
(Font)                  OMS/cmsy/b/n --> OMS/lmsy/b/n on input line 28.
LaTeX Font Info:    Overwriting symbol font `largesymbols' in version `bold'
(Font)                  OMX/cmex/m/n --> OMX/lmex/m/n on input line 29.
LaTeX Font Info:    Overwriting math alphabet `\mathbf' in version `normal'
(Font)                  OT1/cmr/bx/n --> OT1/lmr/bx/n on input line 31.
LaTeX Font Info:    Overwriting math alphabet `\mathsf' in version `normal'
(Font)                  OT1/cmss/m/n --> OT1/lmss/m/n on input line 32.
LaTeX Font Info:    Overwriting math alphabet `\mathit' in version `normal'
(Font)                  OT1/cmr/m/it --> OT1/lmr/m/it on input line 33.
LaTeX Font Info:    Overwriting math alphabet `\mathtt' in version `normal'
(Font)                  OT1/cmtt/m/n --> OT1/lmtt/m/n on input line 34.
LaTeX Font Info:    Overwriting math alphabet `\mathbf' in version `bold'
(Font)                  OT1/cmr/bx/n --> OT1/lmr/bx/n on input line 35.
LaTeX Font Info:    Overwriting math alphabet `\mathsf' in version `bold'
(Font)                  OT1/cmss/bx/n --> OT1/lmss/bx/n on input line 36.
LaTeX Font Info:    Overwriting math alphabet `\mathit' in version `bold'
(Font)                  OT1/cmr/bx/it --> OT1/lmr/bx/it on input line 37.
LaTeX Font Info:    Overwriting math alphabet `\mathtt' in version `bold'
(Font)                  OT1/cmtt/m/n --> OT1/lmtt/m/n on input line 38.
)
(c:/Users/Marko/AppData/Roaming/TinyTeX/texmf-dist/tex/generic/iftex/ifxetex.st
y
Package: ifxetex 2019/10/25 v0.7 ifxetex legacy package. Use iftex instead.
(c:/Users/Marko/AppData/Roaming/TinyTeX/texmf-dist/tex/generic/iftex/iftex.sty
Package: iftex 2022/02/03 v1.0f TeX engine tests
))
(c:/Users/Marko/AppData/Roaming/TinyTeX/texmf-dist/tex/generic/iftex/ifluatex.s
ty
Package: ifluatex 2019/10/25 v1.5 ifluatex legacy package. Use iftex instead.
)
(c:/Users/Marko/AppData/Roaming/TinyTeX/texmf-dist/tex/latex/unicode-math/unico
de-math.sty
(c:/Users/Marko/AppData/Roaming/TinyTeX/texmf-dist/tex/latex/l3kernel/expl3.sty
Package: expl3 2022-02-24 L3 programming layer (loader) 

(c:/Users/Marko/AppData/Roaming/TinyTeX/texmf-dist/tex/latex/l3backend/l3backen
d-xetex.def
File: l3backend-xetex.def 2022-02-07 L3 backend support: XeTeX
(|extractbb --version)
\c__kernel_sys_dvipdfmx_version_int=\count268
\l__color_backend_stack_int=\count269
\g__color_backend_stack_int=\count270
\g__graphics_track_int=\count271
\l__pdf_internal_box=\box52
\g__pdf_backend_object_int=\count272
\g__pdf_backend_annotation_int=\count273
\g__pdf_backend_link_int=\count274
))
Package: unicode-math 2020/01/31 v0.8q Unicode maths in XeLaTeX and LuaLaTeX

(c:/Users/Marko/AppData/Roaming/TinyTeX/texmf-dist/tex/latex/unicode-math/unico
de-math-xetex.sty
Package: unicode-math-xetex 2020/01/31 v0.8q Unicode maths in XeLaTeX and LuaLa
TeX

(c:/Users/Marko/AppData/Roaming/TinyTeX/texmf-dist/tex/latex/l3packages/xparse/
xparse.sty
Package: xparse 2022-01-12 L3 Experimental document command parser
)
(c:/Users/Marko/AppData/Roaming/TinyTeX/texmf-dist/tex/latex/l3packages/l3keys2
e/l3keys2e.sty
Package: l3keys2e 2022-01-12 LaTeX2e option processing using LaTeX3 keys
)
(c:/Users/Marko/AppData/Roaming/TinyTeX/texmf-dist/tex/latex/fontspec/fontspec.
sty
Package: fontspec 2022/01/15 v2.8a Font selection for XeLaTeX and LuaLaTeX

(c:/Users/Marko/AppData/Roaming/TinyTeX/texmf-dist/tex/latex/fontspec/fontspec-
xetex.sty
Package: fontspec-xetex 2022/01/15 v2.8a Font selection for XeLaTeX and LuaLaTe
X
\l__fontspec_script_int=\count275
\l__fontspec_language_int=\count276
\l__fontspec_strnum_int=\count277
\l__fontspec_tmp_int=\count278
\l__fontspec_tmpa_int=\count279
\l__fontspec_tmpb_int=\count280
\l__fontspec_tmpc_int=\count281
\l__fontspec_em_int=\count282
\l__fontspec_emdef_int=\count283
\l__fontspec_strong_int=\count284
\l__fontspec_strongdef_int=\count285
\l__fontspec_tmpa_dim=\dimen148
\l__fontspec_tmpb_dim=\dimen149
\l__fontspec_tmpc_dim=\dimen150
(c:/Users/Marko/AppData/Roaming/TinyTeX/texmf-dist/tex/latex/base/fontenc.sty
Package: fontenc 2021/04/29 v2.0v Standard LaTeX package
)
(c:/Users/Marko/AppData/Roaming/TinyTeX/texmf-dist/tex/latex/fontspec/fontspec.
cfg))) (c:/Users/Marko/AppData/Roaming/TinyTeX/texmf-dist/tex/latex/base/fix-cm
.sty
Package: fix-cm 2020/11/24 v1.1t fixes to LaTeX
(c:/Users/Marko/AppData/Roaming/TinyTeX/texmf-dist/tex/latex/base/ts1enc.def
File: ts1enc.def 2001/06/05 v3.0e (jk/car/fm) Standard LaTeX file
LaTeX Font Info:    Redeclaring font encoding TS1 on input line 47.
))
\g__um_fam_int=\count286
\g__um_fonts_used_int=\count287
\l__um_primecount_int=\count288
\g__um_primekern_muskip=\muskip17

(c:/Users/Marko/AppData/Roaming/TinyTeX/texmf-dist/tex/latex/unicode-math/unico
de-math-table.tex))) (c:/Users/Marko/AppData/Roaming/TinyTeX/texmf-dist/tex/lat
ex/xcolor/xcolor.sty
Package: xcolor 2021/10/31 v2.13 LaTeX color extensions (UK)

(c:/Users/Marko/AppData/Roaming/TinyTeX/texmf-dist/tex/latex/graphics-cfg/color
.cfg
File: color.cfg 2016/01/02 v1.6 sample color configuration
)
Package xcolor Info: Driver file: xetex.def on input line 227.

(c:/Users/Marko/AppData/Roaming/TinyTeX/texmf-dist/tex/latex/graphics-def/xetex
.def
File: xetex.def 2021/03/18 v5.0k Graphics/color driver for xetex
)
Package xcolor Info: Model `cmy' substituted by `cmy0' on input line 1352.
Package xcolor Info: Model `RGB' extended on input line 1368.
Package xcolor Info: Model `HTML' substituted by `rgb' on input line 1370.
Package xcolor Info: Model `Hsb' substituted by `hsb' on input line 1371.
Package xcolor Info: Model `tHsb' substituted by `hsb' on input line 1372.
Package xcolor Info: Model `HSB' substituted by `hsb' on input line 1373.
Package xcolor Info: Model `Gray' substituted by `gray' on input line 1374.
Package xcolor Info: Model `wave' substituted by `hsb' on input line 1375.
)
(c:/Users/Marko/AppData/Roaming/TinyTeX/texmf-dist/tex/latex/hyperref/hyperref.
sty
Package: hyperref 2022-02-21 v7.00n Hypertext links for LaTeX

(c:/Users/Marko/AppData/Roaming/TinyTeX/texmf-dist/tex/generic/ltxcmds/ltxcmds.
sty
Package: ltxcmds 2020-05-10 v1.25 LaTeX kernel commands for general use (HO)
)
(c:/Users/Marko/AppData/Roaming/TinyTeX/texmf-dist/tex/generic/pdftexcmds/pdfte
xcmds.sty
Package: pdftexcmds 2020-06-27 v0.33 Utility functions of pdfTeX for LuaTeX (HO
)

(c:/Users/Marko/AppData/Roaming/TinyTeX/texmf-dist/tex/generic/infwarerr/infwar
err.sty
Package: infwarerr 2019/12/03 v1.5 Providing info/warning/error messages (HO)
)
Package pdftexcmds Info: \pdf@primitive is available.
Package pdftexcmds Info: \pdf@ifprimitive is available.
Package pdftexcmds Info: \pdfdraftmode not found.
)
(c:/Users/Marko/AppData/Roaming/TinyTeX/texmf-dist/tex/latex/graphics/keyval.st
y
Package: keyval 2014/10/28 v1.15 key=value parser (DPC)
\KV@toks@=\toks21
)
(c:/Users/Marko/AppData/Roaming/TinyTeX/texmf-dist/tex/generic/kvsetkeys/kvsetk
eys.sty
Package: kvsetkeys 2019/12/15 v1.18 Key value parser (HO)
)
(c:/Users/Marko/AppData/Roaming/TinyTeX/texmf-dist/tex/generic/kvdefinekeys/kvd
efinekeys.sty
Package: kvdefinekeys 2019-12-19 v1.6 Define keys (HO)
)
(c:/Users/Marko/AppData/Roaming/TinyTeX/texmf-dist/tex/generic/pdfescape/pdfesc
ape.sty
Package: pdfescape 2019/12/09 v1.15 Implements pdfTeX's escape features (HO)
)
(c:/Users/Marko/AppData/Roaming/TinyTeX/texmf-dist/tex/latex/hycolor/hycolor.st
y
Package: hycolor 2020-01-27 v1.10 Color options for hyperref/bookmark (HO)
)
(c:/Users/Marko/AppData/Roaming/TinyTeX/texmf-dist/tex/latex/letltxmacro/letltx
macro.sty
Package: letltxmacro 2019/12/03 v1.6 Let assignment for LaTeX macros (HO)
)
(c:/Users/Marko/AppData/Roaming/TinyTeX/texmf-dist/tex/latex/auxhook/auxhook.st
y
Package: auxhook 2019-12-17 v1.6 Hooks for auxiliary files (HO)
)
(c:/Users/Marko/AppData/Roaming/TinyTeX/texmf-dist/tex/latex/kvoptions/kvoption
s.sty
Package: kvoptions 2020-10-07 v3.14 Key value format for package options (HO)
)
\@linkdim=\dimen151
\Hy@linkcounter=\count289
\Hy@pagecounter=\count290

(c:/Users/Marko/AppData/Roaming/TinyTeX/texmf-dist/tex/latex/hyperref/pd1enc.de
f
File: pd1enc.def 2022-02-21 v7.00n Hyperref: PDFDocEncoding definition (HO)
)
(c:/Users/Marko/AppData/Roaming/TinyTeX/texmf-dist/tex/generic/intcalc/intcalc.
sty
Package: intcalc 2019/12/15 v1.3 Expandable calculations with integers (HO)
)
(c:/Users/Marko/AppData/Roaming/TinyTeX/texmf-dist/tex/generic/etexcmds/etexcmd
s.sty
Package: etexcmds 2019/12/15 v1.7 Avoid name clashes with e-TeX commands (HO)
)
\Hy@SavedSpaceFactor=\count291

(c:/Users/Marko/AppData/Roaming/TinyTeX/texmf-dist/tex/latex/hyperref/puenc.def
File: puenc.def 2022-02-21 v7.00n Hyperref: PDF Unicode definition (HO)
)
Package hyperref Info: Option `unicode' set `true' on input line 4018.
Package hyperref Info: Hyper figures OFF on input line 4137.
Package hyperref Info: Link nesting OFF on input line 4142.
Package hyperref Info: Hyper index ON on input line 4145.
Package hyperref Info: Plain pages OFF on input line 4152.
Package hyperref Info: Backreferencing OFF on input line 4157.
Package hyperref Info: Implicit mode ON; LaTeX internals redefined.
Package hyperref Info: Bookmarks ON on input line 4390.
\c@Hy@tempcnt=\count292
(c:/Users/Marko/AppData/Roaming/TinyTeX/texmf-dist/tex/latex/url/url.sty
\Urlmuskip=\muskip18
Package: url 2013/09/16  ver 3.4  Verb mode for urls, etc.
)
LaTeX Info: Redefining \url on input line 4749.
\XeTeXLinkMargin=\dimen152

(c:/Users/Marko/AppData/Roaming/TinyTeX/texmf-dist/tex/generic/bitset/bitset.st
y
Package: bitset 2019/12/09 v1.3 Handle bit-vector datatype (HO)

(c:/Users/Marko/AppData/Roaming/TinyTeX/texmf-dist/tex/generic/bigintcalc/bigin
tcalc.sty
Package: bigintcalc 2019/12/15 v1.5 Expandable calculations on big integers (HO
)
))
\Fld@menulength=\count293
\Field@Width=\dimen153
\Fld@charsize=\dimen154
Package hyperref Info: Hyper figures OFF on input line 6027.
Package hyperref Info: Link nesting OFF on input line 6032.
Package hyperref Info: Hyper index ON on input line 6035.
Package hyperref Info: backreferencing OFF on input line 6042.
Package hyperref Info: Link coloring OFF on input line 6047.
Package hyperref Info: Link coloring with OCG OFF on input line 6052.
Package hyperref Info: PDF/A mode OFF on input line 6057.
LaTeX Info: Redefining \ref on input line 6097.
LaTeX Info: Redefining \pageref on input line 6101.

(c:/Users/Marko/AppData/Roaming/TinyTeX/texmf-dist/tex/latex/base/atbegshi-ltx.
sty
Package: atbegshi-ltx 2021/01/10 v1.0c Emulation of the original atbegshi
package with kernel methods
)
\Hy@abspage=\count294
\c@Item=\count295
\c@Hfootnote=\count296
)
Package hyperref Info: Driver (autodetected): hxetex.

(c:/Users/Marko/AppData/Roaming/TinyTeX/texmf-dist/tex/latex/hyperref/hxetex.de
f
File: hxetex.def 2022-02-21 v7.00n Hyperref driver for XeTeX

(c:/Users/Marko/AppData/Roaming/TinyTeX/texmf-dist/tex/generic/stringenc/string
enc.sty
Package: stringenc 2019/11/29 v1.12 Convert strings between diff. encodings (HO
)
)
\pdfm@box=\box53
\c@Hy@AnnotLevel=\count297
\HyField@AnnotCount=\count298
\Fld@listcount=\count299
\c@bookmark@seq@number=\count300

(c:/Users/Marko/AppData/Roaming/TinyTeX/texmf-dist/tex/latex/rerunfilecheck/rer
unfilecheck.sty
Package: rerunfilecheck 2019/12/05 v1.9 Rerun checks for auxiliary files (HO)

(c:/Users/Marko/AppData/Roaming/TinyTeX/texmf-dist/tex/latex/base/atveryend-ltx
.sty
Package: atveryend-ltx 2020/08/19 v1.0a Emulation of the original atveryend pac
kage
with kernel methods
)
(c:/Users/Marko/AppData/Roaming/TinyTeX/texmf-dist/tex/generic/uniquecounter/un
iquecounter.sty
Package: uniquecounter 2019/12/15 v1.4 Provide unlimited unique counter (HO)
)
Package uniquecounter Info: New unique counter `rerunfilecheck' on input line 2
86.
)
\Hy@SectionHShift=\skip52
)
(c:/Users/Marko/AppData/Roaming/TinyTeX/texmf-dist/tex/latex/fancyvrb/fancyvrb.
sty
Package: fancyvrb 2021/12/21 4.1b verbatim text (tvz,hv)
\FV@CodeLineNo=\count301
\FV@InFile=\read2
\FV@TabBox=\box54
\c@FancyVerbLine=\count302
\FV@StepNumber=\count303
\FV@OutFile=\write3
) (c:/Users/Marko/AppData/Roaming/TinyTeX/texmf-dist/tex/latex/framed/framed.st
y
Package: framed 2011/10/22 v 0.96: framed or shaded text with page breaks
\OuterFrameSep=\skip53
\fb@frw=\dimen155
\fb@frh=\dimen156
\FrameRule=\dimen157
\FrameSep=\dimen158
)
(c:/Users/Marko/AppData/Roaming/TinyTeX/texmf-dist/tex/latex/tools/longtable.st
y
Package: longtable 2021-09-01 v4.17 Multi-page Table package (DPC)
\LTleft=\skip54
\LTright=\skip55
\LTpre=\skip56
\LTpost=\skip57
\LTchunksize=\count304
\LTcapwidth=\dimen159
\LT@head=\box55
\LT@firsthead=\box56
\LT@foot=\box57
\LT@lastfoot=\box58
\LT@gbox=\box59
\LT@cols=\count305
\LT@rows=\count306
\c@LT@tables=\count307
\c@LT@chunks=\count308
\LT@p@ftn=\toks22
)
(c:/Users/Marko/AppData/Roaming/TinyTeX/texmf-dist/tex/latex/booktabs/booktabs.
sty
Package: booktabs 2020/01/12 v1.61803398 Publication quality tables
\heavyrulewidth=\dimen160
\lightrulewidth=\dimen161
\cmidrulewidth=\dimen162
\belowrulesep=\dimen163
\belowbottomsep=\dimen164
\aboverulesep=\dimen165
\abovetopsep=\dimen166
\cmidrulesep=\dimen167
\cmidrulekern=\dimen168
\defaultaddspace=\dimen169
\@cmidla=\count309
\@cmidlb=\count310
\@aboverulesep=\dimen170
\@belowrulesep=\dimen171
\@thisruleclass=\count311
\@lastruleclass=\count312
\@thisrulewidth=\dimen172
) (c:/Users/Marko/AppData/Roaming/TinyTeX/texmf-dist/tex/latex/tools/array.sty
Package: array 2021/10/04 v2.5f Tabular extension package (FMi)
\col@sep=\dimen173
\ar@mcellbox=\box60
\extrarowheight=\dimen174
\NC@list=\toks23
\extratabsurround=\skip58
\backup@length=\skip59
\ar@cellbox=\box61
) (c:/Users/Marko/AppData/Roaming/TinyTeX/texmf-dist/tex/latex/tools/calc.sty
Package: calc 2017/05/25 v4.3 Infix arithmetic (KKT,FJ)
\calc@Acount=\count313
\calc@Bcount=\count314
\calc@Adimen=\dimen175
\calc@Bdimen=\dimen176
\calc@Askip=\skip60
\calc@Bskip=\skip61
LaTeX Info: Redefining \setlength on input line 80.
LaTeX Info: Redefining \addtolength on input line 81.
\calc@Ccount=\count315
\calc@Cskip=\skip62
)
(c:/Users/Marko/AppData/Roaming/TinyTeX/texmf-dist/tex/latex/etoolbox/etoolbox.
sty
Package: etoolbox 2020/10/05 v2.5k e-TeX tools for LaTeX (JAW)
\etb@tempcnta=\count316
)
(c:/Users/Marko/AppData/Roaming/TinyTeX/texmf-dist/tex/latex/mdwtools/footnote.
sty
Package: footnote 1997/01/28 1.13 Save footnotes around boxes
\fn@notes=\box62
\fn@width=\dimen177
)
(c:/Users/Marko/AppData/Roaming/TinyTeX/texmf-dist/tex/latex/graphics/graphicx.
sty
Package: graphicx 2021/09/16 v1.2d Enhanced LaTeX Graphics (DPC,SPQR)

(c:/Users/Marko/AppData/Roaming/TinyTeX/texmf-dist/tex/latex/graphics/graphics.
sty
Package: graphics 2021/03/04 v1.4d Standard LaTeX Graphics (DPC,SPQR)
(c:/Users/Marko/AppData/Roaming/TinyTeX/texmf-dist/tex/latex/graphics/trig.sty
Package: trig 2021/08/11 v1.11 sin cos tan (DPC)
)
(c:/Users/Marko/AppData/Roaming/TinyTeX/texmf-dist/tex/latex/graphics-cfg/graph
ics.cfg
File: graphics.cfg 2016/06/04 v1.11 sample graphics configuration
)
Package graphics Info: Driver file: xetex.def on input line 107.
)
\Gin@req@height=\dimen178
\Gin@req@width=\dimen179
)
(c:/Users/Marko/AppData/Roaming/TinyTeX/texmf-dist/tex/latex/multirow/multirow.
sty
Package: multirow 2021/03/15 v2.8 Span multiple rows of a table
\multirow@colwidth=\skip63
\multirow@cntb=\count317
\multirow@dima=\skip64
\bigstrutjot=\dimen180
)
(c:/Users/Marko/AppData/Roaming/TinyTeX/texmf-dist/tex/latex/tools/multicol.sty
Package: multicol 2021/10/28 v1.9b multicolumn formatting (FMi)
\c@tracingmulticols=\count318
\mult@box=\box63
\multicol@leftmargin=\dimen181
\c@unbalance=\count319
\c@collectmore=\count320
\doublecol@number=\count321
\multicoltolerance=\count322
\multicolpretolerance=\count323
\full@width=\dimen182
\page@free=\dimen183
\premulticols=\dimen184
\postmulticols=\dimen185
\multicolsep=\skip65
\multicolbaselineskip=\skip66
\partial@page=\box64
\last@line=\box65
\maxbalancingoverflow=\dimen186
\mult@rightbox=\box66
\mult@grightbox=\box67
\mult@firstbox=\box68
\mult@gfirstbox=\box69
\@tempa=\box70
\@tempa=\box71
\@tempa=\box72
\@tempa=\box73
\@tempa=\box74
\@tempa=\box75
\@tempa=\box76
\@tempa=\box77
\@tempa=\box78
\@tempa=\box79
\@tempa=\box80
\@tempa=\box81
\@tempa=\box82
\@tempa=\box83
\@tempa=\box84
\@tempa=\box85
\@tempa=\box86
\@tempa=\box87
\@tempa=\box88
\@tempa=\box89
\@tempa=\box90
\@tempa=\box91
\@tempa=\box92
\@tempa=\box93
\@tempa=\box94
\@tempa=\box95
\@tempa=\box96
\@tempa=\box97
\@tempa=\box98
\@tempa=\box99
\@tempa=\box100
\@tempa=\box101
\@tempa=\box102
\@tempa=\box103
\@tempa=\box104
\@tempa=\box105
\c@minrows=\count324
\c@columnbadness=\count325
\c@finalcolumnbadness=\count326
\last@try=\dimen187
\multicolovershoot=\dimen188
\multicolundershoot=\dimen189
\mult@nat@firstbox=\box106
\colbreak@box=\box107
\mc@col@check@num=\count327
)
(c:/Users/Marko/AppData/Roaming/TinyTeX/texmf-dist/tex/latex/colortbl/colortbl.
sty
Package: colortbl 2020/01/04 v1.0e Color table columns (DPC)
\everycr=\toks24
\minrowclearance=\skip67
) (c:/Users/Marko/AppData/Roaming/TinyTeX/texmf-dist/tex/latex/tools/hhline.sty
Package: hhline 2020/01/04 v2.04 Table rule package (DPC)
) (c:/Users/Marko/AppData/Roaming/TinyTeX/texmf-dist/tex/latex/natbib/natbib.st
y
Package: natbib 2010/09/13 8.31b (PWD, AO)
\bibhang=\skip68
\bibsep=\skip69
LaTeX Info: Redefining \cite on input line 694.
\c@NAT@ctr=\count328
)
No file _main.aux.
\openout1 = `_main.aux'.

LaTeX Font Info:    Checking defaults for OML/cmm/m/it on input line 136.
LaTeX Font Info:    ... okay on input line 136.
LaTeX Font Info:    Checking defaults for OMS/cmsy/m/n on input line 136.
LaTeX Font Info:    ... okay on input line 136.
LaTeX Font Info:    Checking defaults for OT1/cmr/m/n on input line 136.
LaTeX Font Info:    ... okay on input line 136.
LaTeX Font Info:    Checking defaults for T1/cmr/m/n on input line 136.
LaTeX Font Info:    ... okay on input line 136.
LaTeX Font Info:    Checking defaults for TS1/cmr/m/n on input line 136.
LaTeX Font Info:    ... okay on input line 136.
LaTeX Font Info:    Checking defaults for TU/lmr/m/n on input line 136.
LaTeX Font Info:    ... okay on input line 136.
LaTeX Font Info:    Checking defaults for OMX/cmex/m/n on input line 136.
LaTeX Font Info:    ... okay on input line 136.
LaTeX Font Info:    Checking defaults for U/cmr/m/n on input line 136.
LaTeX Font Info:    ... okay on input line 136.
LaTeX Font Info:    Checking defaults for PD1/pdf/m/n on input line 136.
LaTeX Font Info:    ... okay on input line 136.
LaTeX Font Info:    Checking defaults for PU/pdf/m/n on input line 136.
LaTeX Font Info:    ... okay on input line 136.
LaTeX Font Info:    Overwriting math alphabet `\mathrm' in version `normal'
(Font)                  OT1/lmr/m/n --> TU/lmr/m/n on input line 136.
LaTeX Font Info:    Overwriting math alphabet `\mathit' in version `normal'
(Font)                  OT1/lmr/m/it --> TU/lmr/m/it on input line 136.
LaTeX Font Info:    Overwriting math alphabet `\mathbf' in version `normal'
(Font)                  OT1/lmr/bx/n --> TU/lmr/bx/n on input line 136.
LaTeX Font Info:    Overwriting math alphabet `\mathsf' in version `normal'
(Font)                  OT1/lmss/m/n --> TU/lmss/m/n on input line 136.
LaTeX Font Info:    Overwriting math alphabet `\mathsf' in version `bold'
(Font)                  OT1/lmss/bx/n --> TU/lmss/bx/n on input line 136.
LaTeX Font Info:    Overwriting math alphabet `\mathtt' in version `normal'
(Font)                  OT1/lmtt/m/n --> TU/lmtt/m/n on input line 136.
LaTeX Font Info:    Overwriting math alphabet `\mathtt' in version `bold'
(Font)                  OT1/lmtt/m/n --> TU/lmtt/bx/n on input line 136.

Package fontspec Info: latinmodern-math scale = 0.9999964596882403.


Package fontspec Info: latinmodern-math scale = 0.9999964596882403.


Package fontspec Info: latinmodern-math scale = 0.9999964596882403.


Package fontspec Info: Font family 'latinmodern-math.otf(0)' created for font
(fontspec)             'latinmodern-math.otf' with options
(fontspec)             [Scale=MatchLowercase,BoldItalicFont={},ItalicFont={},Sm
allCapsFont={},Script=Math,BoldFont={latinmodern-math.otf}].
(fontspec)              
(fontspec)              This font family consists of the following NFSS
(fontspec)             series/shapes:
(fontspec)              
(fontspec)             - 'normal' (m/n) with NFSS spec.:
(fontspec)             <->s*[0.9999964596882403]"[latinmodern-math.otf]/OT:scri
pt=math;language=dflt;"
(fontspec)             - 'small caps'  (m/sc) with NFSS spec.: 
(fontspec)             - 'bold' (b/n) with NFSS spec.:
(fontspec)             <->s*[0.9999964596882403]"[latinmodern-math.otf]/OT:scri
pt=math;language=dflt;"
(fontspec)             - 'bold small caps'  (b/sc) with NFSS spec.: 

LaTeX Font Info:    Font shape `TU/latinmodern-math.otf(0)/m/n' will be
(Font)              scaled to size 10.0pt on input line 136.

Package fontspec Info: latinmodern-math scale = 0.9999964596882403.


Package fontspec Info: latinmodern-math scale = 0.9999964596882403.


Package fontspec Info: latinmodern-math scale = 0.9999964596882403.


Package fontspec Info: latinmodern-math scale = 0.9999964596882403.


Package fontspec Info: latinmodern-math scale = 0.9999964596882403.


Package fontspec Info: Font family 'latinmodern-math.otf(1)' created for font
(fontspec)             'latinmodern-math.otf' with options
(fontspec)             [Scale=MatchLowercase,BoldItalicFont={},ItalicFont={},Sm
allCapsFont={},Script=Math,SizeFeatures={{Size=8.5-},{Size=6-8.5,Font=latinmode
rn-math.otf,Style=MathScript},{Size=-6,Font=latinmodern-math.otf,Style=MathScri
ptScript}},BoldFont={latinmodern-math.otf}].
(fontspec)              
(fontspec)              This font family consists of the following NFSS
(fontspec)             series/shapes:
(fontspec)              
(fontspec)             - 'normal' (m/n) with NFSS spec.:
(fontspec)             <8.5->s*[0.9999964596882403]"[latinmodern-math.otf]/OT:s
cript=math;language=dflt;"<6-8.5>s*[0.9999964596882403]"[latinmodern-math.otf]/
OT:script=math;language=dflt;+ssty=0;"<-6>s*[0.9999964596882403]"[latinmodern-m
ath.otf]/OT:script=math;language=dflt;+ssty=1;"
(fontspec)             - 'small caps'  (m/sc) with NFSS spec.: 
(fontspec)             - 'bold' (b/n) with NFSS spec.:
(fontspec)             <->s*[0.9999964596882403]"[latinmodern-math.otf]/OT:scri
pt=math;language=dflt;"
(fontspec)             - 'bold small caps'  (b/sc) with NFSS spec.: 

LaTeX Font Info:    Font shape `TU/latinmodern-math.otf(1)/m/n' will be
(Font)              scaled to size 10.0pt on input line 136.
LaTeX Font Info:    Encoding `OT1' has changed to `TU' for symbol font
(Font)              `operators' in the math version `normal' on input line 136.

LaTeX Font Info:    Overwriting symbol font `operators' in version `normal'
(Font)                  OT1/lmr/m/n --> TU/latinmodern-math.otf(1)/m/n on input
 line 136.
LaTeX Font Info:    Encoding `OT1' has changed to `TU' for symbol font
(Font)              `operators' in the math version `bold' on input line 136.
LaTeX Font Info:    Overwriting symbol font `operators' in version `bold'
(Font)                  OT1/lmr/bx/n --> TU/latinmodern-math.otf(1)/b/n on inpu
t line 136.

Package fontspec Info: latinmodern-math scale = 0.9999964596882403.


Package fontspec Info: latinmodern-math scale = 1.000096459334209.


Package fontspec Info: latinmodern-math scale = 0.9999964596882403.


Package fontspec Info: latinmodern-math scale = 1.000096459334209.


Package fontspec Info: latinmodern-math scale = 0.9999964596882403.


Package fontspec Info: latinmodern-math scale = 1.000096459334209.


Package fontspec Info: latinmodern-math scale = 0.9999964596882403.


Package fontspec Info: latinmodern-math scale = 1.000096459334209.


Package fontspec Info: latinmodern-math scale = 0.9999964596882403.


Package fontspec Info: latinmodern-math scale = 1.000096459334209.


Package fontspec Info: Font family 'latinmodern-math.otf(2)' created for font
(fontspec)             'latinmodern-math.otf' with options
(fontspec)             [Scale=MatchLowercase,BoldItalicFont={},ItalicFont={},Sm
allCapsFont={},Script=Math,SizeFeatures={{Size=8.5-},{Size=6-8.5,Font=latinmode
rn-math.otf,Style=MathScript},{Size=-6,Font=latinmodern-math.otf,Style=MathScri
ptScript}},BoldFont={latinmodern-math.otf},ScaleAgain=1.0001,FontAdjustment={\f
ontdimen
(fontspec)             8\font =6.77pt\relax \fontdimen 9\font =3.94pt\relax
(fontspec)             \fontdimen 10\font =4.44pt\relax \fontdimen 11\font
(fontspec)             =6.86pt\relax \fontdimen 12\font =3.45pt\relax
(fontspec)             \fontdimen 13\font =3.63pt\relax \fontdimen 14\font
(fontspec)             =3.63pt\relax \fontdimen 15\font =2.89pt\relax
(fontspec)             \fontdimen 16\font =2.47pt\relax \fontdimen 17\font
(fontspec)             =2.47pt\relax \fontdimen 18\font =2.5pt\relax
(fontspec)             \fontdimen 19\font =2.0pt\relax \fontdimen 22\font
(fontspec)             =2.5pt\relax \fontdimen 20\font =0pt\relax \fontdimen
(fontspec)             21\font =0pt\relax }].
(fontspec)              
(fontspec)              This font family consists of the following NFSS
(fontspec)             series/shapes:
(fontspec)              
(fontspec)             - 'normal' (m/n) with NFSS spec.:
(fontspec)             <8.5->s*[1.000096459334209]"[latinmodern-math.otf]/OT:sc
ript=math;language=dflt;"<6-8.5>s*[1.000096459334209]"[latinmodern-math.otf]/OT
:script=math;language=dflt;+ssty=0;"<-6>s*[1.000096459334209]"[latinmodern-math
.otf]/OT:script=math;language=dflt;+ssty=1;"
(fontspec)             - 'small caps'  (m/sc) with NFSS spec.: 
(fontspec)             and font adjustment code:
(fontspec)             \fontdimen 8\font =6.77pt\relax \fontdimen 9\font
(fontspec)             =3.94pt\relax \fontdimen 10\font =4.44pt\relax
(fontspec)             \fontdimen 11\font =6.86pt\relax \fontdimen 12\font
(fontspec)             =3.45pt\relax \fontdimen 13\font =3.63pt\relax
(fontspec)             \fontdimen 14\font =3.63pt\relax \fontdimen 15\font
(fontspec)             =2.89pt\relax \fontdimen 16\font =2.47pt\relax
(fontspec)             \fontdimen 17\font =2.47pt\relax \fontdimen 18\font
(fontspec)             =2.5pt\relax \fontdimen 19\font =2.0pt\relax \fontdimen
(fontspec)             22\font =2.5pt\relax \fontdimen 20\font =0pt\relax
(fontspec)             \fontdimen 21\font =0pt\relax 
(fontspec)             - 'bold' (b/n) with NFSS spec.:
(fontspec)             <->s*[1.000096459334209]"[latinmodern-math.otf]/OT:scrip
t=math;language=dflt;"
(fontspec)             - 'bold small caps'  (b/sc) with NFSS spec.: 
(fontspec)             and font adjustment code:
(fontspec)             \fontdimen 8\font =6.77pt\relax \fontdimen 9\font
(fontspec)             =3.94pt\relax \fontdimen 10\font =4.44pt\relax
(fontspec)             \fontdimen 11\font =6.86pt\relax \fontdimen 12\font
(fontspec)             =3.45pt\relax \fontdimen 13\font =3.63pt\relax
(fontspec)             \fontdimen 14\font =3.63pt\relax \fontdimen 15\font
(fontspec)             =2.89pt\relax \fontdimen 16\font =2.47pt\relax
(fontspec)             \fontdimen 17\font =2.47pt\relax \fontdimen 18\font
(fontspec)             =2.5pt\relax \fontdimen 19\font =2.0pt\relax \fontdimen
(fontspec)             22\font =2.5pt\relax \fontdimen 20\font =0pt\relax
(fontspec)             \fontdimen 21\font =0pt\relax 

LaTeX Font Info:    Encoding `OMS' has changed to `TU' for symbol font
(Font)              `symbols' in the math version `normal' on input line 136.
LaTeX Font Info:    Overwriting symbol font `symbols' in version `normal'
(Font)                  OMS/lmsy/m/n --> TU/latinmodern-math.otf(2)/m/n on inpu
t line 136.
LaTeX Font Info:    Encoding `OMS' has changed to `TU' for symbol font
(Font)              `symbols' in the math version `bold' on input line 136.
LaTeX Font Info:    Overwriting symbol font `symbols' in version `bold'
(Font)                  OMS/lmsy/b/n --> TU/latinmodern-math.otf(2)/b/n on inpu
t line 136.

Package fontspec Info: latinmodern-math scale = 0.9999964596882403.


Package fontspec Info: latinmodern-math scale = 0.9998964600422715.


Package fontspec Info: latinmodern-math scale = 0.9999964596882403.


Package fontspec Info: latinmodern-math scale = 0.9998964600422715.


Package fontspec Info: latinmodern-math scale = 0.9999964596882403.


Package fontspec Info: latinmodern-math scale = 0.9998964600422715.


Package fontspec Info: latinmodern-math scale = 0.9999964596882403.


Package fontspec Info: latinmodern-math scale = 0.9998964600422715.


Package fontspec Info: latinmodern-math scale = 0.9999964596882403.


Package fontspec Info: latinmodern-math scale = 0.9998964600422715.


Package fontspec Info: Font family 'latinmodern-math.otf(3)' created for font
(fontspec)             'latinmodern-math.otf' with options
(fontspec)             [Scale=MatchLowercase,BoldItalicFont={},ItalicFont={},Sm
allCapsFont={},Script=Math,SizeFeatures={{Size=8.5-},{Size=6-8.5,Font=latinmode
rn-math.otf,Style=MathScript},{Size=-6,Font=latinmodern-math.otf,Style=MathScri
ptScript}},BoldFont={latinmodern-math.otf},ScaleAgain=0.9999,FontAdjustment={\f
ontdimen
(fontspec)             8\font =0.4pt\relax \fontdimen 9\font =2.0pt\relax
(fontspec)             \fontdimen 10\font =1.67pt\relax \fontdimen 11\font
(fontspec)             =1.11pt\relax \fontdimen 12\font =6.0pt\relax
(fontspec)             \fontdimen 13\font =0pt\relax }].
(fontspec)              
(fontspec)              This font family consists of the following NFSS
(fontspec)             series/shapes:
(fontspec)              
(fontspec)             - 'normal' (m/n) with NFSS spec.:
(fontspec)             <8.5->s*[0.9998964600422715]"[latinmodern-math.otf]/OT:s
cript=math;language=dflt;"<6-8.5>s*[0.9998964600422715]"[latinmodern-math.otf]/
OT:script=math;language=dflt;+ssty=0;"<-6>s*[0.9998964600422715]"[latinmodern-m
ath.otf]/OT:script=math;language=dflt;+ssty=1;"
(fontspec)             - 'small caps'  (m/sc) with NFSS spec.: 
(fontspec)             and font adjustment code:
(fontspec)             \fontdimen 8\font =0.4pt\relax \fontdimen 9\font
(fontspec)             =2.0pt\relax \fontdimen 10\font =1.67pt\relax
(fontspec)             \fontdimen 11\font =1.11pt\relax \fontdimen 12\font
(fontspec)             =6.0pt\relax \fontdimen 13\font =0pt\relax 
(fontspec)             - 'bold' (b/n) with NFSS spec.:
(fontspec)             <->s*[0.9998964600422715]"[latinmodern-math.otf]/OT:scri
pt=math;language=dflt;"
(fontspec)             - 'bold small caps'  (b/sc) with NFSS spec.: 
(fontspec)             and font adjustment code:
(fontspec)             \fontdimen 8\font =0.4pt\relax \fontdimen 9\font
(fontspec)             =2.0pt\relax \fontdimen 10\font =1.67pt\relax
(fontspec)             \fontdimen 11\font =1.11pt\relax \fontdimen 12\font
(fontspec)             =6.0pt\relax \fontdimen 13\font =0pt\relax 

LaTeX Font Info:    Encoding `OMX' has changed to `TU' for symbol font
(Font)              `largesymbols' in the math version `normal' on input line 1
36.
LaTeX Font Info:    Overwriting symbol font `largesymbols' in version `normal'
(Font)                  OMX/lmex/m/n --> TU/latinmodern-math.otf(3)/m/n on inpu
t line 136.
LaTeX Font Info:    Encoding `OMX' has changed to `TU' for symbol font
(Font)              `largesymbols' in the math version `bold' on input line 136
.
LaTeX Font Info:    Overwriting symbol font `largesymbols' in version `bold'
(Font)                  OMX/lmex/m/n --> TU/latinmodern-math.otf(3)/b/n on inpu
t line 136.
Package hyperref Info: Link coloring OFF on input line 136.

(c:/Users/Marko/AppData/Roaming/TinyTeX/texmf-dist/tex/latex/hyperref/nameref.s
ty
Package: nameref 2021-04-02 v2.47 Cross-referencing by name of section

(c:/Users/Marko/AppData/Roaming/TinyTeX/texmf-dist/tex/latex/refcount/refcount.
sty
Package: refcount 2019/12/15 v3.6 Data extraction from label references (HO)
)
(c:/Users/Marko/AppData/Roaming/TinyTeX/texmf-dist/tex/generic/gettitlestring/g
ettitlestring.sty
Package: gettitlestring 2019/12/15 v1.6 Cleanup title references (HO)
)
\c@section@level=\count329
)
LaTeX Info: Redefining \ref on input line 136.
LaTeX Info: Redefining \pageref on input line 136.
LaTeX Info: Redefining \nameref on input line 136.
\@outlinefile=\write4
\openout4 = `_main.out'.


Package hyperref Warning: Rerun to get /PageLabels entry.

LaTeX Font Info:    Font shape `TU/latinmodern-math.otf(1)/m/n' will be
(Font)              scaled to size 12.0pt on input line 138.
LaTeX Font Info:    Font shape `TU/latinmodern-math.otf(1)/m/n' will be
(Font)              scaled to size 8.0pt on input line 138.
LaTeX Font Info:    Font shape `TU/latinmodern-math.otf(1)/m/n' will be
(Font)              scaled to size 6.0pt on input line 138.
LaTeX Font Info:    Trying to load font information for OML+lmm on input line 1
38.
(c:/Users/Marko/AppData/Roaming/TinyTeX/texmf-dist/tex/latex/lm/omllmm.fd
File: omllmm.fd 2015/05/01 v1.6.1 Font defs for Latin Modern
)
LaTeX Font Info:    Font shape `TU/latinmodern-math.otf(2)/m/n' will be
(Font)              scaled to size 12.0011pt on input line 138.
LaTeX Font Info:    Font shape `TU/latinmodern-math.otf(2)/m/n' will be
(Font)              scaled to size 8.00073pt on input line 138.
LaTeX Font Info:    Font shape `TU/latinmodern-math.otf(2)/m/n' will be
(Font)              scaled to size 6.00055pt on input line 138.
LaTeX Font Info:    Font shape `TU/latinmodern-math.otf(3)/m/n' will be
(Font)              scaled to size 11.99872pt on input line 138.
LaTeX Font Info:    Font shape `TU/latinmodern-math.otf(3)/m/n' will be
(Font)              scaled to size 7.99915pt on input line 138.
LaTeX Font Info:    Font shape `TU/latinmodern-math.otf(3)/m/n' will be
(Font)              scaled to size 5.99936pt on input line 138.
LaTeX Font Info:    Trying to load font information for U+msa on input line 138
.
(c:/Users/Marko/AppData/Roaming/TinyTeX/texmf-dist/tex/latex/amsfonts/umsa.fd
File: umsa.fd 2013/01/14 v3.01 AMS symbols A
)
LaTeX Font Info:    Trying to load font information for U+msb on input line 138
.
(c:/Users/Marko/AppData/Roaming/TinyTeX/texmf-dist/tex/latex/amsfonts/umsb.fd
File: umsb.fd 2013/01/14 v3.01 AMS symbols B
) [1


] [2

]
\tf@toc=\write5
\openout5 = `_main.toc'.

[3] [4

]
Peatükk 1.
[5] [6

] [7] [8]
Peatükk 2.
LaTeX Font Info:    Font shape `TU/latinmodern-math.otf(1)/m/n' will be
(Font)              scaled to size 7.0pt on input line 194.
LaTeX Font Info:    Font shape `TU/latinmodern-math.otf(1)/m/n' will be
(Font)              scaled to size 5.0pt on input line 194.
LaTeX Font Info:    Font shape `TU/latinmodern-math.otf(2)/m/n' will be
(Font)              scaled to size 10.00092pt on input line 194.
LaTeX Font Info:    Font shape `TU/latinmodern-math.otf(2)/m/n' will be
(Font)              scaled to size 7.00064pt on input line 194.
LaTeX Font Info:    Font shape `TU/latinmodern-math.otf(2)/m/n' will be
(Font)              scaled to size 5.00046pt on input line 194.
LaTeX Font Info:    Font shape `TU/latinmodern-math.otf(3)/m/n' will be
(Font)              scaled to size 9.99893pt on input line 194.
LaTeX Font Info:    Font shape `TU/latinmodern-math.otf(3)/m/n' will be
(Font)              scaled to size 6.99925pt on input line 194.
LaTeX Font Info:    Font shape `TU/latinmodern-math.otf(3)/m/n' will be
(Font)              scaled to size 4.99947pt on input line 194.
[9

] [10] [11] [12] [13] [14] [15] [16] [17] [18] [19] [20] [21] [22]
Underfull \hbox (badness 2293) in paragraph at lines 1181--1182
[]\TU/lmr/m/n/10 Nii saame teha andmestikust alamandmestiku, is vastab konkreet
setele
 []

[23] [24] [25] [26]
Overfull \hbox (1.83002pt too wide) in paragraph at lines 1387--1388
[]\TU/lmr/m/n/10 Teine (ja tegelikult eelistatum) salvestamisviis on \TU/lmr/m/
it/10 readr \TU/lmr/m/n/10 funktsioon \TU/lmtt/m/n/10 write_csv()\TU/lmr/m/n/10
 . 
 []


Overfull \hbox (1.5pt too wide) in paragraph at lines 1424--1424
[]\TU/lmtt/m/n/10 ##  $ Sepal.Width : num  3.5 3 3.2 3.1 3.6 3.9 3.4 3.4 2.9 3.
1 ...[] 
 []


Overfull \hbox (12.0pt too wide) in paragraph at lines 1424--1424
[]\TU/lmtt/m/n/10 ##  $ Petal.Length: num  1.4 1.4 1.3 1.5 1.4 1.7 1.4 1.5 1.4 
1.5 ...[] 
 []


Overfull \hbox (12.0pt too wide) in paragraph at lines 1424--1424
[]\TU/lmtt/m/n/10 ##  $ Petal.Width : num  0.2 0.2 0.2 0.2 0.2 0.4 0.3 0.2 0.2 
0.1 ...[] 
 []

[27]
Overfull \hbox (117.0pt too wide) in paragraph at lines 1424--1424
[]\TU/lmtt/m/n/10 ##  $ Species     : Factor w/ 3 levels "setosa","versicolor",
..: 1 1 1 1 1 1 1 1 1 1 ...[] 
 []


Overfull \hbox (54.0pt too wide) in paragraph at lines 1448--1448
[]\TU/lmtt/m/n/10 ## [1] "Sepal.Length" "Sepal.Width"  "Petal.Length" "Petal.Wi
dth"  "Species"[] 
 []

[28] [29] [30] [31] [32]
Overfull \hbox (75.0pt too wide) in paragraph at lines 1822--1822
[]\TU/lmtt/m/n/10 ##    year month   day dep_time sched_dep_time dep_delay arr_
time sched_arr_time[] 
 []


Overfull \hbox (75.0pt too wide) in paragraph at lines 1822--1822
[]\TU/lmtt/m/n/10 ##   <int> <int> <int>    <int>          <int>     <dbl>    <
int>          <int>[] 
 []


Overfull \hbox (75.0pt too wide) in paragraph at lines 1822--1822
[]\TU/lmtt/m/n/10 ## 1  2013     1     1      517            515         2     
 830            819[] 
 []


Overfull \hbox (75.0pt too wide) in paragraph at lines 1822--1822
[]\TU/lmtt/m/n/10 ## 2  2013     1     1      533            529         4     
 850            830[] 
 []


Overfull \hbox (75.0pt too wide) in paragraph at lines 1822--1822
[]\TU/lmtt/m/n/10 ## 3  2013     1     1      542            540         2     
 923            850[] 
 []


Overfull \hbox (75.0pt too wide) in paragraph at lines 1822--1822
[]\TU/lmtt/m/n/10 ## 4  2013     1     1      544            545        -1     
1004           1022[] 
 []


Overfull \hbox (75.0pt too wide) in paragraph at lines 1822--1822
[]\TU/lmtt/m/n/10 ## 5  2013     1     1      554            600        -6     
 812            837[] 
 []


Overfull \hbox (75.0pt too wide) in paragraph at lines 1822--1822
[]\TU/lmtt/m/n/10 ## 6  2013     1     1      554            558        -4     
 740            728[] 
 []


Overfull \hbox (64.5pt too wide) in paragraph at lines 1822--1822
[]\TU/lmtt/m/n/10 ## # ... with 11 more variables: arr_delay <dbl>, carrier <ch
r>, flight <int>,[] 
 []


Overfull \hbox (69.75pt too wide) in paragraph at lines 1822--1822
[]\TU/lmtt/m/n/10 ## #   tailnum <chr>, origin <chr>, dest <chr>, air_time <dbl
>, distance <dbl>,[] 
 []


Overfull \hbox (17.25pt too wide) in paragraph at lines 1836--1836
[]\TU/lmtt/m/n/10 ##  [1] "year"           "month"          "day"            "d
ep_time"[] 
 []


Overfull \hbox (48.75pt too wide) in paragraph at lines 1836--1836
[]\TU/lmtt/m/n/10 ##  [5] "sched_dep_time" "dep_delay"      "arr_time"       "s
ched_arr_time"[] 
 []


Overfull \hbox (12.0pt too wide) in paragraph at lines 1836--1836
[]\TU/lmtt/m/n/10 ##  [9] "arr_delay"      "carrier"        "flight"         "t
ailnum"[] 
 []


Overfull \hbox (17.25pt too wide) in paragraph at lines 1836--1836
[]\TU/lmtt/m/n/10 ## [13] "origin"         "dest"           "air_time"       "d
istance"[] 
 []

[33] [34] [35] [36] [37]
Overfull \hbox (80.25pt too wide) in paragraph at lines 2145--2145
[]\TU/lmtt/m/n/10 ##     year month   day dep_time sched_dep_time dep_delay arr
_time sched_arr_time[] 
 []


Overfull \hbox (80.25pt too wide) in paragraph at lines 2145--2145
[]\TU/lmtt/m/n/10 ##    <int> <int> <int>    <int>          <int>     <dbl>    
<int>          <int>[] 
 []


Overfull \hbox (80.25pt too wide) in paragraph at lines 2145--2145
[]\TU/lmtt/m/n/10 ##  1  2013     1    23     1856           1900        -4    
 2125           2146[] 
 []


Overfull \hbox (80.25pt too wide) in paragraph at lines 2145--2145
[]\TU/lmtt/m/n/10 ##  2  2013     7    30     1249           1255        -6    
 1511           1541[] 
 []


Overfull \hbox (80.25pt too wide) in paragraph at lines 2145--2145
[]\TU/lmtt/m/n/10 ##  3  2013     7    15     1332           1339        -7    
 1448           1457[] 
 []


Overfull \hbox (80.25pt too wide) in paragraph at lines 2145--2145
[]\TU/lmtt/m/n/10 ##  4  2013    11    17     1611           1610         1    
 1904           1918[] 
 []


Overfull \hbox (80.25pt too wide) in paragraph at lines 2145--2145
[]\TU/lmtt/m/n/10 ##  5  2013     4     3      659            659         0    
 1002           1010[] 
 []


Overfull \hbox (80.25pt too wide) in paragraph at lines 2145--2145
[]\TU/lmtt/m/n/10 ##  6  2013     9     5      622            630        -8    
  750            805[] 
 []


Overfull \hbox (80.25pt too wide) in paragraph at lines 2145--2145
[]\TU/lmtt/m/n/10 ##  7  2013     1     3     2129           2125         4    
 2233           2233[] 
 []


Overfull \hbox (80.25pt too wide) in paragraph at lines 2145--2145
[]\TU/lmtt/m/n/10 ##  8  2013     7    23     1502           1500         2    
 1809           1758[] 
 []


Overfull \hbox (80.25pt too wide) in paragraph at lines 2145--2145
[]\TU/lmtt/m/n/10 ##  9  2013    10     6     1900           1900         0    
 2147           2154[] 
 []


Overfull \hbox (80.25pt too wide) in paragraph at lines 2145--2145
[]\TU/lmtt/m/n/10 ## 10  2013    11     8     1745           1740         5    
 2120           2118[] 
 []


Overfull \hbox (64.5pt too wide) in paragraph at lines 2145--2145
[]\TU/lmtt/m/n/10 ## # ... with 11 more variables: arr_delay <dbl>, carrier <ch
r>, flight <int>,[] 
 []


Overfull \hbox (69.75pt too wide) in paragraph at lines 2145--2145
[]\TU/lmtt/m/n/10 ## #   tailnum <chr>, origin <chr>, dest <chr>, air_time <dbl
>, distance <dbl>,[] 
 []

[38]
Overfull \hbox (75.0pt too wide) in paragraph at lines 2169--2169
[]\TU/lmtt/m/n/10 ##    year month   day dep_time sched_dep_time dep_delay arr_
time sched_arr_time[] 
 []


Overfull \hbox (75.0pt too wide) in paragraph at lines 2169--2169
[]\TU/lmtt/m/n/10 ##   <int> <int> <int>    <int>          <int>     <dbl>    <
int>          <int>[] 
 []


Overfull \hbox (75.0pt too wide) in paragraph at lines 2169--2169
[]\TU/lmtt/m/n/10 ## 1  2013     1     1      517            515         2     
 830            819[] 
 []


Overfull \hbox (75.0pt too wide) in paragraph at lines 2169--2169
[]\TU/lmtt/m/n/10 ## 2  2013     1     1      533            529         4     
 850            830[] 
 []


Overfull \hbox (75.0pt too wide) in paragraph at lines 2169--2169
[]\TU/lmtt/m/n/10 ## 3  2013     1     1      542            540         2     
 923            850[] 
 []


Overfull \hbox (75.0pt too wide) in paragraph at lines 2169--2169
[]\TU/lmtt/m/n/10 ## 4  2013     1     1      544            545        -1     
1004           1022[] 
 []


Overfull \hbox (75.0pt too wide) in paragraph at lines 2169--2169
[]\TU/lmtt/m/n/10 ## 5  2013     1     1      554            600        -6     
 812            837[] 
 []


Overfull \hbox (64.5pt too wide) in paragraph at lines 2169--2169
[]\TU/lmtt/m/n/10 ## # ... with 11 more variables: arr_delay <dbl>, carrier <ch
r>, flight <int>,[] 
 []


Overfull \hbox (69.75pt too wide) in paragraph at lines 2169--2169
[]\TU/lmtt/m/n/10 ## #   tailnum <chr>, origin <chr>, dest <chr>, air_time <dbl
>, distance <dbl>,[] 
 []

[39] [40] [41] [42] [43] [44] [45] [46]
Overfull \hbox (27.75pt too wide) in paragraph at lines 2779--2779
[]\TU/lmtt/m/n/10 ## [1] "TeksTiliste" "Tunnuste"    "jaoks"       "on"        
  "pakeTt"[] 
 []


Overfull \hbox (27.75pt too wide) in paragraph at lines 2792--2792
[]\TU/lmtt/m/n/10 ## [1] "TeksTilisTe" "TunnusTe"    "jaoks"       "on"        
  "pakeTT"[] 
 []

[47] [48]
Underfull \hbox (badness 1845) in paragraph at lines 2861--2862
\TU/lmr/m/n/10 baas-R’i asemel paketti “ggplot2”, kus on jooniste tegemine muud
etud
 []

File: 00-sissejuhatus-ri_files/figure-latex/unnamed-chunk-110-1.pdf Graphic fil
e (type pdf)
<use 00-sissejuhatus-ri_files/figure-latex/unnamed-chunk-110-1.pdf>
[49]
File: 00-sissejuhatus-ri_files/figure-latex/unnamed-chunk-111-1.pdf Graphic fil
e (type pdf)
<use 00-sissejuhatus-ri_files/figure-latex/unnamed-chunk-111-1.pdf>
File: 00-sissejuhatus-ri_files/figure-latex/unnamed-chunk-112-1.pdf Graphic fil
e (type pdf)
<use 00-sissejuhatus-ri_files/figure-latex/unnamed-chunk-112-1.pdf>

Underfull \vbox (badness 10000) has occurred while \output is active []

[50]
File: 00-sissejuhatus-ri_files/figure-latex/unnamed-chunk-113-1.pdf Graphic fil
e (type pdf)
<use 00-sissejuhatus-ri_files/figure-latex/unnamed-chunk-113-1.pdf>

Underfull \vbox (badness 10000) has occurred while \output is active []

[51]
File: 00-sissejuhatus-ri_files/figure-latex/unnamed-chunk-114-1.pdf Graphic fil
e (type pdf)
<use 00-sissejuhatus-ri_files/figure-latex/unnamed-chunk-114-1.pdf>
[52]
File: 00-sissejuhatus-ri_files/figure-latex/unnamed-chunk-115-1.pdf Graphic fil
e (type pdf)
<use 00-sissejuhatus-ri_files/figure-latex/unnamed-chunk-115-1.pdf>
File: 00-sissejuhatus-ri_files/figure-latex/unnamed-chunk-116-1.pdf Graphic fil
e (type pdf)
<use 00-sissejuhatus-ri_files/figure-latex/unnamed-chunk-116-1.pdf>

Underfull \vbox (badness 10000) has occurred while \output is active []

[53]
File: 00-sissejuhatus-ri_files/figure-latex/unnamed-chunk-118-1.pdf Graphic fil
e (type pdf)
<use 00-sissejuhatus-ri_files/figure-latex/unnamed-chunk-118-1.pdf>

Underfull \vbox (badness 2310) has occurred while \output is active []

[54]
File: 00-sissejuhatus-ri_files/figure-latex/unnamed-chunk-119-1.pdf Graphic fil
e (type pdf)
<use 00-sissejuhatus-ri_files/figure-latex/unnamed-chunk-119-1.pdf>

Underfull \vbox (badness 10000) has occurred while \output is active []

[55] [56]
File: 00-sissejuhatus-ri_files/figure-latex/unnamed-chunk-122-1.pdf Graphic fil
e (type pdf)
<use 00-sissejuhatus-ri_files/figure-latex/unnamed-chunk-122-1.pdf>
[57]
File: 00-sissejuhatus-ri_files/figure-latex/unnamed-chunk-124-1.pdf Graphic fil
e (type pdf)
<use 00-sissejuhatus-ri_files/figure-latex/unnamed-chunk-124-1.pdf>

Underfull \vbox (badness 7133) has occurred while \output is active []

[58]
File: 00-sissejuhatus-ri_files/figure-latex/unnamed-chunk-126-1.pdf Graphic fil
e (type pdf)
<use 00-sissejuhatus-ri_files/figure-latex/unnamed-chunk-126-1.pdf>

Underfull \vbox (badness 10000) has occurred while \output is active []

[59]
File: 00-sissejuhatus-ri_files/figure-latex/unnamed-chunk-127-1.pdf Graphic fil
e (type pdf)
<use 00-sissejuhatus-ri_files/figure-latex/unnamed-chunk-127-1.pdf>

Underfull \vbox (badness 10000) has occurred while \output is active []

[60]
File: 00-sissejuhatus-ri_files/figure-latex/unnamed-chunk-128-1.pdf Graphic fil
e (type pdf)
<use 00-sissejuhatus-ri_files/figure-latex/unnamed-chunk-128-1.pdf>

Underfull \vbox (badness 10000) has occurred while \output is active []

[61]
File: 00-sissejuhatus-ri_files/figure-latex/unnamed-chunk-129-1.pdf Graphic fil
e (type pdf)
<use 00-sissejuhatus-ri_files/figure-latex/unnamed-chunk-129-1.pdf>

Underfull \vbox (badness 10000) has occurred while \output is active []

[62]
File: 00-sissejuhatus-ri_files/figure-latex/unnamed-chunk-130-1.pdf Graphic fil
e (type pdf)
<use 00-sissejuhatus-ri_files/figure-latex/unnamed-chunk-130-1.pdf>

Underfull \vbox (badness 10000) has occurred while \output is active []

[63]
File: 00-sissejuhatus-ri_files/figure-latex/unnamed-chunk-131-1.pdf Graphic fil
e (type pdf)
<use 00-sissejuhatus-ri_files/figure-latex/unnamed-chunk-131-1.pdf>

Underfull \vbox (badness 10000) has occurred while \output is active []

[64]
File: 00-sissejuhatus-ri_files/figure-latex/unnamed-chunk-133-1.pdf Graphic fil
e (type pdf)
<use 00-sissejuhatus-ri_files/figure-latex/unnamed-chunk-133-1.pdf>
[65]
File: 00-sissejuhatus-ri_files/figure-latex/unnamed-chunk-134-1.pdf Graphic fil
e (type pdf)
<use 00-sissejuhatus-ri_files/figure-latex/unnamed-chunk-134-1.pdf>

Underfull \vbox (badness 10000) has occurred while \output is active []

[66]
Overfull \hbox (85.5pt too wide) in paragraph at lines 3272--3272
[]\TU/lmtt/m/n/10 ##  $ carat  : num [1:53940] 0.23 0.21 0.23 0.29 0.31 0.24 0.
24 0.26 0.22 0.23 ...[] 
 []


Overfull \hbox (69.75pt too wide) in paragraph at lines 3272--3272
[]\TU/lmtt/m/n/10 ##  $ cut    : Ord.factor w/ 5 levels "Fair"<"Good"<..: 5 4 2
 4 2 3 3 3 1 3 ...[] 
 []


Overfull \hbox (80.25pt too wide) in paragraph at lines 3272--3272
[]\TU/lmtt/m/n/10 ##  $ color  : Ord.factor w/ 7 levels "D"<"E"<"F"<"G"<..: 2 2
 2 6 7 7 6 5 2 5 ...[] 
 []


Overfull \hbox (85.5pt too wide) in paragraph at lines 3272--3272
[]\TU/lmtt/m/n/10 ##  $ clarity: Ord.factor w/ 8 levels "I1"<"SI2"<"SI1"<..: 2 
3 5 4 2 6 7 3 4 5 ...[] 
 []


Overfull \hbox (85.5pt too wide) in paragraph at lines 3272--3272
[]\TU/lmtt/m/n/10 ##  $ depth  : num [1:53940] 61.5 59.8 56.9 62.4 63.3 62.8 62
.3 61.9 65.1 59.4 ...[] 
 []


Overfull \hbox (33.0pt too wide) in paragraph at lines 3272--3272
[]\TU/lmtt/m/n/10 ##  $ price  : int [1:53940] 326 326 327 334 335 336 336 337 
337 338 ...[] 
 []


Overfull \hbox (64.5pt too wide) in paragraph at lines 3272--3272
[]\TU/lmtt/m/n/10 ##  $ x      : num [1:53940] 3.95 3.89 4.05 4.2 4.34 3.94 3.9
5 4.07 3.87 4 ...[] 
 []


Overfull \hbox (85.5pt too wide) in paragraph at lines 3272--3272
[]\TU/lmtt/m/n/10 ##  $ y      : num [1:53940] 3.98 3.84 4.07 4.23 4.35 3.96 3.
98 4.11 3.78 4.05 ...[] 
 []


Overfull \hbox (85.5pt too wide) in paragraph at lines 3272--3272
[]\TU/lmtt/m/n/10 ##  $ z      : num [1:53940] 2.43 2.31 2.31 2.63 2.75 2.48 2.
47 2.53 2.49 2.39 ...[] 
 []

File: 00-sissejuhatus-ri_files/figure-latex/unnamed-chunk-136-1.pdf Graphic fil
e (type pdf)
<use 00-sissejuhatus-ri_files/figure-latex/unnamed-chunk-136-1.pdf>
[67]
File: 00-sissejuhatus-ri_files/figure-latex/unnamed-chunk-137-1.pdf Graphic fil
e (type pdf)
<use 00-sissejuhatus-ri_files/figure-latex/unnamed-chunk-137-1.pdf>

Underfull \vbox (badness 10000) has occurred while \output is active []

[68]
Underfull \hbox (badness 1210) in paragraph at lines 3296--3297
[]\TU/lmr/m/n/10 Aga nende lõige \TU/lmr/m/it/10 cut\TU/lmr/m/n/10 ? kasutame s
elleks \TU/lmtt/m/n/10 facet_grid()\TU/lmr/m/n/10 ’i. Kui tahame
 []

File: 00-sissejuhatus-ri_files/figure-latex/unnamed-chunk-138-1.pdf Graphic fil
e (type pdf)
<use 00-sissejuhatus-ri_files/figure-latex/unnamed-chunk-138-1.pdf>

Underfull \vbox (badness 10000) has occurred while \output is active []

[69]
File: 00-sissejuhatus-ri_files/figure-latex/unnamed-chunk-139-1.pdf Graphic fil
e (type pdf)
<use 00-sissejuhatus-ri_files/figure-latex/unnamed-chunk-139-1.pdf>
[70]
File: 00-sissejuhatus-ri_files/figure-latex/unnamed-chunk-140-1.pdf Graphic fil
e (type pdf)
<use 00-sissejuhatus-ri_files/figure-latex/unnamed-chunk-140-1.pdf>
[71]
File: 00-sissejuhatus-ri_files/figure-latex/unnamed-chunk-141-1.pdf Graphic fil
e (type pdf)
<use 00-sissejuhatus-ri_files/figure-latex/unnamed-chunk-141-1.pdf>
File: 00-sissejuhatus-ri_files/figure-latex/unnamed-chunk-142-1.pdf Graphic fil
e (type pdf)
<use 00-sissejuhatus-ri_files/figure-latex/unnamed-chunk-142-1.pdf>

Underfull \vbox (badness 10000) has occurred while \output is active []

[72]
File: 00-sissejuhatus-ri_files/figure-latex/unnamed-chunk-143-1.pdf Graphic fil
e (type pdf)
<use 00-sissejuhatus-ri_files/figure-latex/unnamed-chunk-143-1.pdf>

Underfull \vbox (badness 10000) has occurred while \output is active []

[73]
File: 00-sissejuhatus-ri_files/figure-latex/unnamed-chunk-144-1.pdf Graphic fil
e (type pdf)
<use 00-sissejuhatus-ri_files/figure-latex/unnamed-chunk-144-1.pdf>

Underfull \vbox (badness 10000) has occurred while \output is active []

[74]
File: 00-sissejuhatus-ri_files/figure-latex/unnamed-chunk-145-1.pdf Graphic fil
e (type pdf)
<use 00-sissejuhatus-ri_files/figure-latex/unnamed-chunk-145-1.pdf>
[75]
File: 00-sissejuhatus-ri_files/figure-latex/unnamed-chunk-146-1.pdf Graphic fil
e (type pdf)
<use 00-sissejuhatus-ri_files/figure-latex/unnamed-chunk-146-1.pdf>

Overfull \hbox (17.25pt too wide) in paragraph at lines 3428--3428
[]\TU/lmtt/m/n/10 ## `stat_bin()` using `bins = 30`. Pick better value with `bi
nwidth`.[] 
 []

File: 00-sissejuhatus-ri_files/figure-latex/unnamed-chunk-147-1.pdf Graphic fil
e (type pdf)
<use 00-sissejuhatus-ri_files/figure-latex/unnamed-chunk-147-1.pdf>

Underfull \vbox (badness 10000) has occurred while \output is active []

[76] [77]
File: 00-sissejuhatus-ri_files/figure-latex/unnamed-chunk-149-1.pdf Graphic fil
e (type pdf)
<use 00-sissejuhatus-ri_files/figure-latex/unnamed-chunk-149-1.pdf>
File: 00-sissejuhatus-ri_files/figure-latex/unnamed-chunk-150-1.pdf Graphic fil
e (type pdf)
<use 00-sissejuhatus-ri_files/figure-latex/unnamed-chunk-150-1.pdf>
[78]
File: 00-sissejuhatus-ri_files/figure-latex/unnamed-chunk-151-1.pdf Graphic fil
e (type pdf)
<use 00-sissejuhatus-ri_files/figure-latex/unnamed-chunk-151-1.pdf>

Underfull \vbox (badness 10000) has occurred while \output is active []

[79]
File: 00-sissejuhatus-ri_files/figure-latex/unnamed-chunk-152-1.pdf Graphic fil
e (type pdf)
<use 00-sissejuhatus-ri_files/figure-latex/unnamed-chunk-152-1.pdf>
[80]
File: 00-sissejuhatus-ri_files/figure-latex/unnamed-chunk-153-1.pdf Graphic fil
e (type pdf)
<use 00-sissejuhatus-ri_files/figure-latex/unnamed-chunk-153-1.pdf>

Underfull \vbox (badness 10000) has occurred while \output is active []

[81]
File: 00-sissejuhatus-ri_files/figure-latex/unnamed-chunk-154-1.pdf Graphic fil
e (type pdf)
<use 00-sissejuhatus-ri_files/figure-latex/unnamed-chunk-154-1.pdf>

Underfull \vbox (badness 10000) has occurred while \output is active []

[82]
File: 00-sissejuhatus-ri_files/figure-latex/unnamed-chunk-155-1.pdf Graphic fil
e (type pdf)
<use 00-sissejuhatus-ri_files/figure-latex/unnamed-chunk-155-1.pdf>

Underfull \vbox (badness 10000) has occurred while \output is active []

[83]
Underfull \hbox (badness 10000) in paragraph at lines 3591--3592

 []


Underfull \hbox (badness 10000) in paragraph at lines 3599--3600
[][]$[][][][][] [] [] [] [][][][] [] [] [][] [][][][][][][] [] [][][] [] [][][]
 [] [][][][][][][][] [] [][][][][] [] [][][][][][][][][] [] [][][][][] []
 []

[84]
Peatükk 3.
[85

]
File: 01-regressioon_files/figure-latex/reg-plot-1-1.pdf Graphic file (type pdf
)
<use 01-regressioon_files/figure-latex/reg-plot-1-1.pdf>
File: 01-regressioon_files/figure-latex/reg-plot-2-1.pdf Graphic file (type pdf
)
<use 01-regressioon_files/figure-latex/reg-plot-2-1.pdf>

Underfull \vbox (badness 10000) has occurred while \output is active []

[86]
Underfull \vbox (badness 10000) has occurred while \output is active []

[87]
Underfull \hbox (badness 1931) in paragraph at lines 3669--3670
[]\TU/lmtt/m/n/10 lm() \TU/lmr/m/n/10 funktsioonis tuleb defineerida regressioo
nivõrrand. Selleks peame
 []


Underfull \hbox (badness 2020) in paragraph at lines 3669--3670
\TU/lmr/m/n/10 määratlema sõltuva tunnuse, seejärel kasutama tildet (\TU/lmtt/m
/n/10 ~\TU/lmr/m/n/10 ) ning seejärel
 []

File: 01-regressioon_files/figure-latex/reg-plot-3-1.pdf Graphic file (type pdf
)
<use 01-regressioon_files/figure-latex/reg-plot-3-1.pdf>
[88]
File: 01-regressioon_files/figure-latex/reg-plot-4-1.pdf Graphic file (type pdf
)
<use 01-regressioon_files/figure-latex/reg-plot-4-1.pdf>
File: 01-regressioon_files/figure-latex/reg-plot-5-1.pdf Graphic file (type pdf
)
<use 01-regressioon_files/figure-latex/reg-plot-5-1.pdf>
[89] [90]
Underfull \hbox (badness 10000) in paragraph at lines 3745--3747

 []


Underfull \hbox (badness 2376) in paragraph at lines 3747--3748
\TU/lmr/m/n/10 (seega peate eelnevalt \TU/lmtt/m/n/10 lm() \TU/lmr/m/n/10 funkt
siooniga leidma regressioonijoone
 []

[91] [92] [93]
Underfull \vbox (badness 2698) has occurred while \output is active []

[94] [95]
Underfull \hbox (badness 1082) in paragraph at lines 3863--3864
[]\TU/lmr/m/n/10 Teades erinevaid variatiivsuse komponente, saame määrata kui s
uur osa
 []

File: 01-regressioon_files/figure-latex/ss-1.pdf Graphic file (type pdf)
<use 01-regressioon_files/figure-latex/ss-1.pdf>
[96] [97]
Underfull \hbox (badness 10000) in paragraph at lines 3901--3903

 []


Underfull \hbox (badness 10000) in paragraph at lines 3905--3907

 []

[98] [99] [100]
File: 01-regressioon_files/figure-latex/reg-plot-6-1.pdf Graphic file (type pdf
)
<use 01-regressioon_files/figure-latex/reg-plot-6-1.pdf>
[101] [102] [103] [104]
Underfull \hbox (badness 10000) in paragraph at lines 4233--4235

 []


Underfull \hbox (badness 10000) in paragraph at lines 4235--4237

 []

[105] [106] [107]
File: 01-regressioon_files/figure-latex/reg-plot-7-1.pdf Graphic file (type pdf
)
<use 01-regressioon_files/figure-latex/reg-plot-7-1.pdf>
[108]
File: 01-regressioon_files/figure-latex/unnamed-chunk-15-1.pdf Graphic file (ty
pe pdf)
<use 01-regressioon_files/figure-latex/unnamed-chunk-15-1.pdf>
[109]
Underfull \hbox (badness 10000) in paragraph at lines 4407--4409

 []


Underfull \hbox (badness 10000) in paragraph at lines 4409--4411

 []


Underfull \hbox (badness 1286) in paragraph at lines 4438--4439
\TU/lmr/m/n/10 Eelnevas näites vaatasime sissetuleku sõltuvust matemaatilise ki
rjaoskuse
 []

[110] [111]
Underfull \hbox (badness 2512) in paragraph at lines 4499--4500
[]\TU/lmr/m/n/10 Koosmõjudega mudeli vabaliikmed ja regressioonikoefitsiendid k
ujunevad
 []


Overfull \hbox (1.87978pt too wide) detected at line 4519
[]
 []

[112]
File: 01-regressioon_files/figure-latex/reg-plot-8-1.pdf Graphic file (type pdf
)
<use 01-regressioon_files/figure-latex/reg-plot-8-1.pdf>

Overfull \hbox (1.5pt too wide) in paragraph at lines 4567--4567
[]\TU/lmtt/m/n/10 ##                            Estimate Std. Error t value Pr(
>|t|)[] 
 []


Overfull \hbox (22.5pt too wide) in paragraph at lines 4567--4567
[]\TU/lmtt/m/n/10 ## (Intercept)                 1004.53      17.95  55.967   <
2e-16 ***[] 
 []


Overfull \hbox (22.5pt too wide) in paragraph at lines 4567--4567
[]\TU/lmtt/m/n/10 ## suguNaine                   -458.80      24.76 -18.533   <
2e-16 ***[] 
 []


Overfull \hbox (22.5pt too wide) in paragraph at lines 4567--4567
[]\TU/lmtt/m/n/10 ## haridustaseKõrge             252.60      28.59   8.836   <
2e-16 ***[] 
 []

[113]
Overfull \hbox (12.0pt too wide) in paragraph at lines 4567--4567
[]\TU/lmtt/m/n/10 ## haridustaseMadal             -73.55      37.63  -1.955   0
.0507 .[] 
 []


Overfull \hbox (1.5pt too wide) in paragraph at lines 4567--4567
[]\TU/lmtt/m/n/10 ## suguNaine:haridustaseKõrge    50.69      36.65   1.383   0
.1667[] 
 []


Overfull \hbox (1.5pt too wide) in paragraph at lines 4567--4567
[]\TU/lmtt/m/n/10 ## suguNaine:haridustaseMadal    10.76      56.52   0.190   0
.8491[] 
 []


Overfull \hbox (1.674pt too wide) detected at line 4571
[] [] [][] [] [][] [] [][][][][] [] [][] [] [][][] [] [][] [] [][] [] [][] [] [
][][][][] [] [][][] [] [][] [] [][][][][] [] [][]
 []


Overfull \hbox (162.88426pt too wide) detected at line 4589
[]
 []

File: 01-regressioon_files/figure-latex/unnamed-chunk-20-1.pdf Graphic file (ty
pe pdf)
<use 01-regressioon_files/figure-latex/unnamed-chunk-20-1.pdf>

Underfull \vbox (badness 4595) has occurred while \output is active []

[114] [115]
File: 01-regressioon_files/figure-latex/anscombe-1.pdf Graphic file (type pdf)
<use 01-regressioon_files/figure-latex/anscombe-1.pdf>
[116]
LaTeX Font Info:    Font shape `TU/lmtt/bx/n' in size <10> not available
(Font)              Font shape `TU/lmtt/b/n' tried instead on input line 4671.

LaTeX Font Warning: Font shape `TU/lmtt/bx/it' in size <10> not available
(Font)              Font shape `TU/lmtt/b/sl' tried instead on input line 4671.



Overfull \vbox (1.794pt too high) detected at line 4678
 []

[117] [118]
Overfull \hbox (64.5pt too wide) in paragraph at lines 4740--4740
[]\TU/lmtt/m/n/10 ##        (Intercept)           literacy          suguNaine l
iteracy:suguNaine[] 
 []


Overfull \hbox (64.5pt too wide) in paragraph at lines 4740--4740
[]\TU/lmtt/m/n/10 ##        2.788735004        0.009897618        3.831308067  
      0.013555193[] 
 []


Underfull \hbox (badness 1342) in paragraph at lines 4750--4751
[]\TU/lmr/m/n/10 Kui kaks sõltumatut tunnust on teineteisega väga tugevalt seot
ud
 []

[119]
File: 01-regressioon_files/figure-latex/unnamed-chunk-24-1.pdf Graphic file (ty
pe pdf)
<use 01-regressioon_files/figure-latex/unnamed-chunk-24-1.pdf>
File: 01-regressioon_files/figure-latex/unnamed-chunk-25-1.pdf Graphic file (ty
pe pdf)
<use 01-regressioon_files/figure-latex/unnamed-chunk-25-1.pdf>

Underfull \vbox (badness 10000) has occurred while \output is active []

[120]
File: 01-regressioon_files/figure-latex/unnamed-chunk-26-1.pdf Graphic file (ty
pe pdf)
<use 01-regressioon_files/figure-latex/unnamed-chunk-26-1.pdf>
[121]
File: 01-regressioon_files/figure-latex/unnamed-chunk-27-1.pdf Graphic file (ty
pe pdf)
<use 01-regressioon_files/figure-latex/unnamed-chunk-27-1.pdf>
[122] [123

] [124]
Peatükk 4.
File: 02-logit_files/figure-latex/glm-1-1.pdf Graphic file (type pdf)
<use 02-logit_files/figure-latex/glm-1-1.pdf>
File: 02-logit_files/figure-latex/odds-1.pdf Graphic file (type pdf)
<use 02-logit_files/figure-latex/odds-1.pdf>
[125

] [126]
File: 02-logit_files/figure-latex/glm-3-1.pdf Graphic file (type pdf)
<use 02-logit_files/figure-latex/glm-3-1.pdf>
[127]
File: 02-logit_files/figure-latex/glm-2-1.pdf Graphic file (type pdf)
<use 02-logit_files/figure-latex/glm-2-1.pdf>
[128]
Underfull \hbox (badness 10000) in paragraph at lines 4892--4894

 []


Underfull \hbox (badness 10000) in paragraph at lines 4894--4896

 []


Package longtable Warning: Column widths have changed
(longtable)                in table 4.1 on input line 4910.

[129] [130] [131]
Overfull \hbox (27.75pt too wide) in paragraph at lines 5062--5062
[]\TU/lmtt/m/n/10 ## glm(formula = I(Survived == "Yes") ~ Sex * Age, family = b
inomial(),[] 
 []

[132]
Overfull \hbox (64.5pt too wide) in paragraph at lines 5075--5075
[]\TU/lmtt/m/n/10 ##        (Intercept)          SexFemale           AgeAdult S
exFemale:AgeAdult[] 
 []


Overfull \hbox (64.5pt too wide) in paragraph at lines 5075--5075
[]\TU/lmtt/m/n/10 ##          0.8285714          1.9878296          0.3069458  
        5.7344228[] 
 []


Underfull \hbox (badness 10000) in paragraph at lines 5089--5091

 []

[133] [134] [135] [136]
Overfull \hbox (33.0pt too wide) in paragraph at lines 5261--5261
[]\TU/lmtt/m/n/10 ##           llh       llhNull            G2      McFadden   
       r2ML[] 
 []


Overfull \hbox (33.0pt too wide) in paragraph at lines 5261--5261
[]\TU/lmtt/m/n/10 ## -1156.3879160 -1384.7283644   456.6808969     0.1648991   
  0.1873769[] 
 []

[137] [138]
File: 02-logit_files/figure-latex/unnamed-chunk-15-1.pdf Graphic file (type pdf
)
<use 02-logit_files/figure-latex/unnamed-chunk-15-1.pdf>

Overfull \hbox (90.75pt too wide) in paragraph at lines 5354--5354
[]\TU/lmtt/m/n/10 ##   `I(Survived == "~` Sex   Age   .fitted .resid .std.resid
   .hat .sigma .cooksd[] 
 []


Overfull \hbox (90.75pt too wide) in paragraph at lines 5354--5354
[]\TU/lmtt/m/n/10 ##   <I<lgl>>           <fct> <fct>   <dbl>  <dbl>      <dbl>
  <dbl>  <dbl>   <dbl>[] 
 []


Overfull \hbox (90.75pt too wide) in paragraph at lines 5354--5354
[]\TU/lmtt/m/n/10 ## 1 FALSE              Male  Child   0.453  -1.10      -1.11
 0.0156   1.03 0.00334[] 
 []


Overfull \hbox (90.75pt too wide) in paragraph at lines 5354--5354
[]\TU/lmtt/m/n/10 ## 2 FALSE              Male  Child   0.453  -1.10      -1.11
 0.0156   1.03 0.00334[] 
 []


Overfull \hbox (90.75pt too wide) in paragraph at lines 5354--5354
[]\TU/lmtt/m/n/10 ## 3 FALSE              Male  Child   0.453  -1.10      -1.11
 0.0156   1.03 0.00334[] 
 []


Overfull \hbox (90.75pt too wide) in paragraph at lines 5354--5354
[]\TU/lmtt/m/n/10 ## 4 FALSE              Male  Child   0.453  -1.10      -1.11
 0.0156   1.03 0.00334[] 
 []


Overfull \hbox (90.75pt too wide) in paragraph at lines 5354--5354
[]\TU/lmtt/m/n/10 ## 5 FALSE              Male  Child   0.453  -1.10      -1.11
 0.0156   1.03 0.00334[] 
 []


Overfull \hbox (90.75pt too wide) in paragraph at lines 5354--5354
[]\TU/lmtt/m/n/10 ## 6 FALSE              Male  Child   0.453  -1.10      -1.11
 0.0156   1.03 0.00334[] 
 []

[139] [140] [141]
File: 02-logit_files/figure-latex/unnamed-chunk-20-1.pdf Graphic file (type pdf
)
<use 02-logit_files/figure-latex/unnamed-chunk-20-1.pdf>

Underfull \vbox (badness 5592) has occurred while \output is active []

[142] [143] [144

]
Peatükk 5.

Underfull \hbox (badness 1552) in paragraph at lines 5492--5492
[][][]\TU/lmr/m/n/8 Ka kategoriaalsetest tunnustest moodustatud risttabelite sa
gedused on loendilised
 []

File: 03-poisson_files/figure-latex/pois-dist-1.pdf Graphic file (type pdf)
<use 03-poisson_files/figure-latex/pois-dist-1.pdf>
[145] [146]
Underfull \vbox (badness 2790) has occurred while \output is active []

[147] [148]
File: 03-poisson_files/figure-latex/unnamed-chunk-2-1.pdf Graphic file (type pd
f)
<use 03-poisson_files/figure-latex/unnamed-chunk-2-1.pdf>
[149]
File: 03-poisson_files/figure-latex/pois-hist-dist-1.pdf Graphic file (type pdf
)
<use 03-poisson_files/figure-latex/pois-hist-dist-1.pdf>
[150] [151]
File: 03-poisson_files/figure-latex/unnamed-chunk-7-1.pdf Graphic file (type pd
f)
<use 03-poisson_files/figure-latex/unnamed-chunk-7-1.pdf>
File: 03-poisson_files/figure-latex/unnamed-chunk-8-1.pdf Graphic file (type pd
f)
<use 03-poisson_files/figure-latex/unnamed-chunk-8-1.pdf>

Underfull \vbox (badness 10000) has occurred while \output is active []

[152]
Overfull \hbox (6.75pt too wide) in paragraph at lines 5757--5757
[]\TU/lmtt/m/n/10 ## glm(formula = articles ~ gender, family = poisson(), data 
= phd)[] 
 []

[153] [154] [155]
Overfull \hbox (6.75pt too wide) in paragraph at lines 5876--5876
[]\TU/lmtt/m/n/10 ## Model 2: articles ~ gender + prestige + married + kids2 + 
mentor[] 
 []

[156]
Overfull \hbox (85.5pt too wide) in paragraph at lines 5917--5917
[]\TU/lmtt/m/n/10 ## glm(formula = articles ~ gender * kids2 + married + mentor
, family = poisson(),[] 
 []


Overfull \hbox (85.5pt too wide) in paragraph at lines 5954--5954
[]\TU/lmtt/m/n/10 ## glm(formula = articles ~ gender + married + kids2 + mentor
, family = poisson(),[] 
 []

[157]
Overfull \hbox (6.75pt too wide) in paragraph at lines 5967--5967
[]\TU/lmtt/m/n/10 ##  (Intercept) genderfemale   marriedyes     kids2Jah       
mentor[] 
 []


Overfull \hbox (6.75pt too wide) in paragraph at lines 5967--5967
[]\TU/lmtt/m/n/10 ##    1.4031677    0.8036087    1.1612850    0.7785778    1.0
263406[] 
 []


Underfull \hbox (badness 2253) in paragraph at lines 5976--5978
[]\TU/lmr/m/n/10 Naiste keskmine publikatsioonide arv (hoides teisi tunnuseid k
on-
 []

[158]
Underfull \hbox (badness 4713) in paragraph at lines 5982--5983
[]\TU/lmr/m/n/10 Iga juhendaja lisanduv artikkel tõstab juhendatava publitseeri
m-
 []


Overfull \hbox (101.25pt too wide) in paragraph at lines 6027--6027
[]\TU/lmtt/m/n/10 ## glm(formula = articles ~ gender + married + kids2 + mentor
, family = quasipoisson,[] 
 []


Overfull \hbox (22.5pt too wide) in paragraph at lines 6027--6027
[]\TU/lmtt/m/n/10 ## (Dispersion parameter for quasipoisson family taken to be 
1.837376)[] 
 []

[159]
Overfull \hbox (48.75pt too wide) in paragraph at lines 6064--6064
[]\TU/lmtt/m/n/10 ## glm(formula = articles ~ gender + kids2 + mentor, family =
 quasipoisson,[] 
 []


Overfull \hbox (22.5pt too wide) in paragraph at lines 6064--6064
[]\TU/lmtt/m/n/10 ## (Dispersion parameter for quasipoisson family taken to be 
1.843047)[] 
 []

[160] [161]
File: 03-poisson_files/figure-latex/unnamed-chunk-23-1.pdf Graphic file (type p
df)
<use 03-poisson_files/figure-latex/unnamed-chunk-23-1.pdf>
File: 03-poisson_files/figure-latex/unnamed-chunk-24-1.pdf Graphic file (type p
df)
<use 03-poisson_files/figure-latex/unnamed-chunk-24-1.pdf>

Underfull \vbox (badness 10000) has occurred while \output is active []

[162] [163] [164

] [165] [166]
Peatükk 6.
[167

]
File: 04-multilevel_files/figure-latex/unnamed-chunk-2-1.pdf Graphic file (type
 pdf)
<use 04-multilevel_files/figure-latex/unnamed-chunk-2-1.pdf>
[168]
File: 04-multilevel_files/figure-latex/unnamed-chunk-3-1.pdf Graphic file (type
 pdf)
<use 04-multilevel_files/figure-latex/unnamed-chunk-3-1.pdf>
File: 04-multilevel_files/figure-latex/unnamed-chunk-4-1.pdf Graphic file (type
 pdf)
<use 04-multilevel_files/figure-latex/unnamed-chunk-4-1.pdf>

Underfull \vbox (badness 10000) has occurred while \output is active []

[169] [170]
Underfull \hbox (badness 2393) in paragraph at lines 6199--6199
[]\TU/lmr/bx/n/12 Kuidas vaatluste hierahilisust analüüsis arvesse
 []

[171]
Underfull \hbox (badness 1189) in paragraph at lines 6208--6210
\TU/lmr/m/n/10 teada kuidas omavalitsuste investeeringud infrastruktuuri mõjuta
vad
 []


Underfull \hbox (badness 1297) in paragraph at lines 6208--6210
\TU/lmr/m/n/10 koefitsiendid ning kasutatake neid omakorda sisenitena teise ast
me
 []


Underfull \hbox (badness 2042) in paragraph at lines 6208--6210
\TU/lmr/m/n/10 Teise tasandi sõltumatuks tunnuseks oleks KOVide investeeringute

 []

[172]
Overfull \hbox (15.65335pt too wide) in paragraph at lines 6212--6213
[]\TU/lmr/m/n/10 Viimaks on meil võimalik kasutada ka \TU/lmr/bx/n/10 mitmetasa
ndilist analüüsi/mudelit
 []


Underfull \hbox (badness 10000) in paragraph at lines 6224--6226

 []


Underfull \hbox (badness 1596) in paragraph at lines 6229--6230
\TU/lmr/m/n/10 selgitamine kõrgema tasandi sõltumatute tunnuste abil. Mitmetasa
ndi-
 []


Underfull \hbox (badness 2057) in paragraph at lines 6229--6230
\TU/lmr/m/n/10 suurused) seletada gruppidevahelist regressioonikoefitsientide v
arieeruvust.
 []


Underfull \hbox (badness 1221) in paragraph at lines 6234--6235
\TU/lmr/m/n/10 Mitmetasandilises analüüsis käsitleme regressioonikoefitsiente j
a vabaliiget
 []


Underfull \hbox (badness 1484) in paragraph at lines 6234--6235
\TU/lmr/bx/n/10 peeriva tunnuse lõikes varieeruvatena\TU/lmr/m/n/10 . Regressio
oni koefitsientides
 []

[173] [174] [175]
Underfull \hbox (badness 1189) in paragraph at lines 6320--6321
[]\TU/lmr/m/n/10 Kui nullmudel indikeerib gruppidevahelist erinevust, siis hinn
atakse
 []


Underfull \hbox (badness 1546) in paragraph at lines 6320--6321
\TU/lmr/m/n/10 takse esimese tasandi sõltumatu tunnus ning hinntakse vabaliikme

 []


Underfull \hbox (badness 1281) in paragraph at lines 6347--6348
[]\TU/lmr/m/n/10 Teise tasandi prediktor selgitamas nii vabaliikme kui regressi
oonikordaja
 []


Underfull \hbox (badness 2111) in paragraph at lines 6351--6352
[]\TU/lmr/m/n/10 Vaatame selgitava näitena ühe uneuuringu raames tehtud eksperi
mendi
 []


Underfull \hbox (badness 1394) in paragraph at lines 6351--6352
\TU/lmr/m/n/10 mõjutab. Respondentide reaktsioonikiirust mõõdeti kümnel järjest
ikusel
 []

[176]
File: 04-multilevel_files/figure-latex/unnamed-chunk-6-1.pdf Graphic file (type
 pdf)
<use 04-multilevel_files/figure-latex/unnamed-chunk-6-1.pdf>
File: 04-multilevel_files/figure-latex/unnamed-chunk-7-1.pdf Graphic file (type
 pdf)
<use 04-multilevel_files/figure-latex/unnamed-chunk-7-1.pdf>

Underfull \vbox (badness 3735) has occurred while \output is active []

[177]
File: 04-multilevel_files/figure-latex/unnamed-chunk-8-1.pdf Graphic file (type
 pdf)
<use 04-multilevel_files/figure-latex/unnamed-chunk-8-1.pdf>

Underfull \vbox (badness 10000) has occurred while \output is active []

[178]
File: 04-multilevel_files/figure-latex/unnamed-chunk-9-1.pdf Graphic file (type
 pdf)
<use 04-multilevel_files/figure-latex/unnamed-chunk-9-1.pdf>
[179]
Underfull \hbox (badness 10000) in paragraph at lines 6381--6383

 []

[180]
Overfull \hbox (138.0pt too wide) in paragraph at lines 6451--6451
[]\TU/lmtt/m/n/10 ##  $ School  : Ord.factor w/ 160 levels "8367"<"8854"<..: 59
 59 59 59 59 59 59 59 59 59 ...[] 
 []


Overfull \hbox (22.5pt too wide) in paragraph at lines 6451--6451
[]\TU/lmtt/m/n/10 ##  $ Minority: Factor w/ 2 levels "No","Yes": 1 1 1 1 1 1 1 
1 1 1 ...[] 
 []


Overfull \hbox (48.75pt too wide) in paragraph at lines 6451--6451
[]\TU/lmtt/m/n/10 ##  $ Sex     : Factor w/ 2 levels "Male","Female": 2 2 1 1 1
 1 2 1 2 1 ...[] 
 []


Overfull \hbox (148.5pt too wide) in paragraph at lines 6451--6451
[]\TU/lmtt/m/n/10 ##  $ MEANSES : num  -0.428 -0.428 -0.428 -0.428 -0.428 -0.42
8 -0.428 -0.428 -0.428 -0.428 ...[] 
 []

[181]
Overfull \hbox (54.0pt too wide) in paragraph at lines 6527--6527
[]\TU/lmtt/m/n/10 ##   School Minority    Sex    SES MathAch MEANSES.x Sector P
RACAD MEANSES.y[] 
 []


Overfull \hbox (54.0pt too wide) in paragraph at lines 6527--6527
[]\TU/lmtt/m/n/10 ## 1   1224       No Female -1.528   5.876    -0.428 Public  
 0.35    -0.428[] 
 []


Overfull \hbox (54.0pt too wide) in paragraph at lines 6527--6527
[]\TU/lmtt/m/n/10 ## 2   1224       No Female -0.588  19.708    -0.428 Public  
 0.35    -0.428[] 
 []


Overfull \hbox (54.0pt too wide) in paragraph at lines 6527--6527
[]\TU/lmtt/m/n/10 ## 3   1224       No   Male -0.528  20.349    -0.428 Public  
 0.35    -0.428[] 
 []


Overfull \hbox (54.0pt too wide) in paragraph at lines 6527--6527
[]\TU/lmtt/m/n/10 ## 4   1224       No   Male -0.668   8.781    -0.428 Public  
 0.35    -0.428[] 
 []


Overfull \hbox (54.0pt too wide) in paragraph at lines 6527--6527
[]\TU/lmtt/m/n/10 ## 5   1224       No   Male -0.158  17.898    -0.428 Public  
 0.35    -0.428[] 
 []


Overfull \hbox (54.0pt too wide) in paragraph at lines 6527--6527
[]\TU/lmtt/m/n/10 ## 6   1224       No   Male  0.022   4.583    -0.428 Public  
 0.35    -0.428[] 
 []

[182]
File: 04-multilevel_files/figure-latex/unnamed-chunk-16-1.pdf Graphic file (typ
e pdf)
<use 04-multilevel_files/figure-latex/unnamed-chunk-16-1.pdf>
[183]
File: 04-multilevel_files/figure-latex/unnamed-chunk-17-1.pdf Graphic file (typ
e pdf)
<use 04-multilevel_files/figure-latex/unnamed-chunk-17-1.pdf>
[184]
File: 04-multilevel_files/figure-latex/unnamed-chunk-18-1.pdf Graphic file (typ
e pdf)
<use 04-multilevel_files/figure-latex/unnamed-chunk-18-1.pdf>
File: 04-multilevel_files/figure-latex/unnamed-chunk-20-1.pdf Graphic file (typ
e pdf)
<use 04-multilevel_files/figure-latex/unnamed-chunk-20-1.pdf>

Underfull \vbox (badness 3343) has occurred while \output is active []

[185]
File: 04-multilevel_files/figure-latex/unnamed-chunk-22-1.pdf Graphic file (typ
e pdf)
<use 04-multilevel_files/figure-latex/unnamed-chunk-22-1.pdf>

Underfull \vbox (badness 10000) has occurred while \output is active []

[186]
File: 04-multilevel_files/figure-latex/unnamed-chunk-23-1.pdf Graphic file (typ
e pdf)
<use 04-multilevel_files/figure-latex/unnamed-chunk-23-1.pdf>
[187]
Overfull \hbox (27.75pt too wide) in paragraph at lines 6723--6723
[]\TU/lmtt/m/n/10 ## Linear mixed model fit by REML. t-tests use Satterthwaite'
s method [[] 
 []

[188]
Underfull \hbox (badness 10000) in paragraph at lines 6732--6734

 []


Overfull \hbox (27.75pt too wide) in paragraph at lines 6796--6796
[]\TU/lmtt/m/n/10 ## Linear mixed model fit by REML. t-tests use Satterthwaite'
s method [[] 
 []

[189]
Overfull \hbox (1.5pt too wide) in paragraph at lines 6796--6796
[]\TU/lmtt/m/n/10 ## (Intercept)   12.6493     0.2445  156.7433   51.74   <2e-1
6 ***[] 
 []


Overfull \hbox (1.5pt too wide) in paragraph at lines 6796--6796
[]\TU/lmtt/m/n/10 ## tses           2.1912     0.1087 7022.0245   20.17   <2e-1
6 ***[] 
 []

[190]
Underfull \hbox (badness 10000) in paragraph at lines 6833--6834
\TU/lmr/m/n/10 Laseme sotsiaalmajandusliku indeksi regressioonikorda samuti vab
alt
 []


Underfull \hbox (badness 2012) in paragraph at lines 6833--6834
\TU/lmr/m/n/10 varieeruma. Selleks lisame vastava tunnuse, mille koefitsiente t
ahame
 []


Overfull \hbox (27.75pt too wide) in paragraph at lines 6876--6876
[]\TU/lmtt/m/n/10 ## Linear mixed model fit by REML. t-tests use Satterthwaite'
s method [[] 
 []

[191]
Overfull \hbox (17.25pt too wide) in paragraph at lines 6902--6902
[]\TU/lmtt/m/n/10 ##                             npar logLik   AIC    LRT Df Pr
(>Chisq)[] 
 []


Overfull \hbox (33.0pt too wide) in paragraph at lines 6902--6902
[]\TU/lmtt/m/n/10 ## tses in (1 + tses | school)    4 -23362 46732 9.7617  2   
 0.00759 **[] 
 []

[192]
Overfull \hbox (27.75pt too wide) in paragraph at lines 6976--6976
[]\TU/lmtt/m/n/10 ## Linear mixed model fit by REML. t-tests use Satterthwaite'
s method [[] 
 []


Overfull \hbox (27.75pt too wide) in paragraph at lines 6976--6976
[]\TU/lmtt/m/n/10 ## Formula: mathach ~ 1 + tses + meanses + sector + (1 + tses
 | school)[] 
 []


Overfull \hbox (6.75pt too wide) in paragraph at lines 6976--6976
[]\TU/lmtt/m/n/10 ## (Intercept)     12.0451     0.1986 160.3808  60.639  < 2e-
16 ***[] 
 []


Overfull \hbox (6.75pt too wide) in paragraph at lines 6976--6976
[]\TU/lmtt/m/n/10 ## tses             2.1950     0.1284 154.8896  17.092  < 2e-
16 ***[] 
 []


Overfull \hbox (6.75pt too wide) in paragraph at lines 6976--6976
[]\TU/lmtt/m/n/10 ## meanses          5.2463     0.3683 151.3246  14.244  < 2e-
16 ***[] 
 []


Overfull \hbox (6.75pt too wide) in paragraph at lines 6976--6976
[]\TU/lmtt/m/n/10 ## sectorCatholic   1.3722     0.3055 149.8780   4.491  1.4e-
05 ***[] 
 []


Underfull \hbox (badness 10000) in paragraph at lines 6981--6983

 []

[193]
Overfull \hbox (1.5pt too wide) in paragraph at lines 7002--7002
[]\TU/lmtt/m/n/10 ## m3: mathach ~ 1 + tses + meanses + sector + (1 + tses | sc
hool)[] 
 []


Overfull \hbox (27.75pt too wide) in paragraph at lines 7058--7058
[]\TU/lmtt/m/n/10 ## Linear mixed model fit by REML. t-tests use Satterthwaite'
s method [[] 
 []


Overfull \hbox (64.5pt too wide) in paragraph at lines 7058--7058
[]\TU/lmtt/m/n/10 ## Formula: mathach ~ 1 + tses * meanses + tses * sector + (1
 + tses | school)[] 
 []


Overfull \hbox (12.0pt too wide) in paragraph at lines 7058--7058
[]\TU/lmtt/m/n/10 ##                     Estimate Std. Error       df t value P
r(>|t|)[] 
 []


Overfull \hbox (33.0pt too wide) in paragraph at lines 7058--7058
[]\TU/lmtt/m/n/10 ## (Intercept)          12.1136     0.1988 159.8921  60.931  
< 2e-16 ***[] 
 []


Overfull \hbox (33.0pt too wide) in paragraph at lines 7058--7058
[]\TU/lmtt/m/n/10 ## tses                  2.9388     0.1551 139.3043  18.948  
< 2e-16 ***[] 
 []


Overfull \hbox (33.0pt too wide) in paragraph at lines 7058--7058
[]\TU/lmtt/m/n/10 ## meanses               5.3391     0.3693 150.9689  14.457  
< 2e-16 ***[] 
 []


Overfull \hbox (33.0pt too wide) in paragraph at lines 7058--7058
[]\TU/lmtt/m/n/10 ## sectorCatholic        1.2167     0.3064 149.5994   3.971 0
.000111 ***[] 
 []


Overfull \hbox (33.0pt too wide) in paragraph at lines 7058--7058
[]\TU/lmtt/m/n/10 ## tses:meanses          1.0389     0.2989 160.5528   3.476 0
.000656 ***[] 
 []


Overfull \hbox (33.0pt too wide) in paragraph at lines 7058--7058
[]\TU/lmtt/m/n/10 ## tses:sectorCatholic  -1.6426     0.2398 143.3450  -6.850 2
.01e-10 ***[] 
 []

[194]
Underfull \hbox (badness 10000) in paragraph at lines 7063--7065

 []

[195] [196

] [197] [198]
Peatükk 7.

Underfull \hbox (badness 1642) in paragraph at lines 7077--7078
\TU/lmr/m/n/10 maakonda võrdselt, siis keskmise arvutamisel võtaksime Hiiu maak
onna
 []


Underfull \hbox (badness 1478) in paragraph at lines 7077--7078
\TU/lmr/m/n/10 kõrgemad sissetulekud ebaproportsionaalselt v’ikesel määral (Hii
umaa on
 []


Package fontspec Info: Arial scale = 0.8311536146592658.


Package fontspec Info: Arial scale = 0.8311536146592658.


Package fontspec Info: Arial scale = 0.8311536146592658.


Package fontspec Info: Arial/B scale = 0.8311536146592658.


Package fontspec Info: Arial/B scale = 0.8311536146592658.


Package fontspec Info: Arial/I scale = 0.8311536146592658.


Package fontspec Info: Arial/I scale = 0.8311536146592658.


Package fontspec Info: Arial/BI scale = 0.8311536146592658.


Package fontspec Info: Arial/BI scale = 0.8311536146592658.


Package fontspec Info: Font family 'Arial(0)' created for font 'Arial' with
(fontspec)             options [Scale=MatchLowercase,Ligatures=TeX,Scale=1].
(fontspec)              
(fontspec)              This font family consists of the following NFSS
(fontspec)             series/shapes:
(fontspec)              
(fontspec)             - 'normal' (m/n) with NFSS spec.:
(fontspec)             <->s*[1]"Arial/OT:script=latn;language=dflt;mapping=tex-
text;"
(fontspec)             - 'small caps'  (m/sc) with NFSS spec.:
(fontspec)             <->s*[1]"Arial/OT:script=latn;language=dflt;+smcp;mappin
g=tex-text;"
(fontspec)             - 'bold' (b/n) with NFSS spec.:
(fontspec)             <->s*[1]"Arial/B/OT:script=latn;language=dflt;mapping=te
x-text;"
(fontspec)             - 'bold small caps'  (b/sc) with NFSS spec.:
(fontspec)             <->s*[1]"Arial/B/OT:script=latn;language=dflt;+smcp;mapp
ing=tex-text;"
(fontspec)             - 'italic' (m/it) with NFSS spec.:
(fontspec)             <->s*[1]"Arial/I/OT:script=latn;language=dflt;mapping=te
x-text;"
(fontspec)             - 'italic small caps'  (m/scit) with NFSS spec.:
(fontspec)             <->s*[1]"Arial/I/OT:script=latn;language=dflt;+smcp;mapp
ing=tex-text;"
(fontspec)             - 'bold italic' (b/it) with NFSS spec.:
(fontspec)             <->s*[1]"Arial/BI/OT:script=latn;language=dflt;mapping=t
ex-text;"
(fontspec)             - 'bold italic small caps'  (b/scit) with NFSS spec.:
(fontspec)             <->s*[1]"Arial/BI/OT:script=latn;language=dflt;+smcp;map
ping=tex-text;"

LaTeX Font Info:    Font shape `TU/Arial(0)/m/n' will be
(Font)              scaled to size 11.0pt on input line 7092.

Package fontspec Info: Arial scale = 0.9999973249515148.


Package fontspec Info: Arial scale = 0.9999973249515148.


Package fontspec Info: Arial scale = 0.9999973249515148.


Package fontspec Info: Arial/B scale = 0.9999973249515148.


Package fontspec Info: Arial/B scale = 0.9999973249515148.


Package fontspec Info: Arial/I scale = 0.9999973249515148.


Package fontspec Info: Arial/I scale = 0.9999973249515148.


Package fontspec Info: Arial/BI scale = 0.9999973249515148.


Package fontspec Info: Arial/BI scale = 0.9999973249515148.


Package fontspec Info: Font family 'Arial(1)' created for font 'Arial' with
(fontspec)             options [Scale=MatchLowercase].
(fontspec)              
(fontspec)              This font family consists of the following NFSS
(fontspec)             series/shapes:
(fontspec)              
(fontspec)             - 'normal' (m/n) with NFSS spec.:
(fontspec)             <->s*[0.9999973249515148]"Arial/OT:script=latn;language=
dflt;"
(fontspec)             - 'small caps'  (m/sc) with NFSS spec.:
(fontspec)             <->s*[0.9999973249515148]"Arial/OT:script=latn;language=
dflt;+smcp;"
(fontspec)             - 'bold' (b/n) with NFSS spec.:
(fontspec)             <->s*[0.9999973249515148]"Arial/B/OT:script=latn;languag
e=dflt;"
(fontspec)             - 'bold small caps'  (b/sc) with NFSS spec.:
(fontspec)             <->s*[0.9999973249515148]"Arial/B/OT:script=latn;languag
e=dflt;+smcp;"
(fontspec)             - 'italic' (m/it) with NFSS spec.:
(fontspec)             <->s*[0.9999973249515148]"Arial/I/OT:script=latn;languag
e=dflt;"
(fontspec)             - 'italic small caps'  (m/scit) with NFSS spec.:
(fontspec)             <->s*[0.9999973249515148]"Arial/I/OT:script=latn;languag
e=dflt;+smcp;"
(fontspec)             - 'bold italic' (b/it) with NFSS spec.:
(fontspec)             <->s*[0.9999973249515148]"Arial/BI/OT:script=latn;langua
ge=dflt;"
(fontspec)             - 'bold italic small caps'  (b/scit) with NFSS spec.:
(fontspec)             <->s*[0.9999973249515148]"Arial/BI/OT:script=latn;langua
ge=dflt;+smcp;"

LaTeX Font Info:    Overwriting math alphabet `\mathrm' in version `normal'
(Font)                  non@alpherr\relax \GenericError {               }{LaTeX
 Error: \mathrm allowed only in math mode}{See the LaTeX manual or LaTeX Compan
ion for explanation.}{You're in trouble here.  Try typing  <return>  to proceed
.
(Font)              If that doesn't work, type  X <return>  to quit.}\math@bgro
up \__um_switch_to:n {literal}\__um_mathgroup_set:n {6}\egroup \math@bgroup \__
um_switch_to:n {literal}\__um_mathgroup_set:n {6}-\egroup -> TU/Arial(1)/m/n on
 input line 7092.
! Extra \else.
\SetMathAlphabet ...g #1\space \endcsname #1\else 
                                                  \@latex@error {Encoding sc...
l.7092 ...}{\global\setmainfont{Arial}{Maakond}}}}
                                                   & \multicolumn{1}{!{\colo...
 
Here is how much of TeX's memory you used:
 18492 strings out of 478179
 370597 string characters out of 5852894
 780250 words of memory out of 5000000
 38753 multiletter control sequences out of 15000+600000
 475910 words of font info for 106 fonts, out of 8000000 for 9000
 14 hyphenation exceptions out of 8191
 86i,17n,128p,2335b,531s stack positions out of 5000i,500n,10000p,200000b,80000s
Output written on _main.pdf (198 pages).
